ARM GAS  /var/folders/5r/xb8hq6p128d37tsfvtb6dnd00000gn/T//ccFo8uwE.s 			page 1


   1              		.cpu cortex-m0
   2              		.arch armv6s-m
   3              		.fpu softvfp
   4              		.eabi_attribute 20, 1
   5              		.eabi_attribute 21, 1
   6              		.eabi_attribute 23, 3
   7              		.eabi_attribute 24, 1
   8              		.eabi_attribute 25, 1
   9              		.eabi_attribute 26, 1
  10              		.eabi_attribute 30, 1
  11              		.eabi_attribute 34, 0
  12              		.eabi_attribute 18, 4
  13              		.file	"main.c"
  14              		.text
  15              	.Ltext0:
  16              		.cfi_sections	.debug_frame
  17              		.file 1 "Src/main.c"
  18              		.section	.text.TIM2_IRQHandler,"ax",%progbits
  19              		.align	1
  20              		.global	TIM2_IRQHandler
  21              		.syntax unified
  22              		.code	16
  23              		.thumb_func
  25              	TIM2_IRQHandler:
  26              	.LFB41:
   1:Src/main.c    **** /**
   2:Src/main.c    ****   *
   3:Src/main.c    ****   * Brandon Mouser
   4:Src/main.c    ****   * U0962682
   5:Src/main.c    ****   *
   6:Src/main.c    ****   ******************************************************************************
   7:Src/main.c    ****   * File Name          : main.c
   8:Src/main.c    ****   * Description        : Main program body
   9:Src/main.c    ****   ******************************************************************************
  10:Src/main.c    ****   ** This notice applies to any and all portions of this file
  11:Src/main.c    ****   * that are not between comment pairs USER CODE BEGIN and
  12:Src/main.c    ****   * USER CODE END. Other portions of this file, whether
  13:Src/main.c    ****   * inserted by the user or by software development tools
  14:Src/main.c    ****   * are owned by their respective copyright owners.
  15:Src/main.c    ****   *
  16:Src/main.c    ****   * COPYRIGHT(c) 2018 STMicroelectronics
  17:Src/main.c    ****   *
  18:Src/main.c    ****   * Redistribution and use in source and binary forms, with or without modification,
  19:Src/main.c    ****   * are permitted provided that the following conditions are met:
  20:Src/main.c    ****   *   1. Redistributions of source code must retain the above copyright notice,
  21:Src/main.c    ****   *      this list of conditions and the following disclaimer.
  22:Src/main.c    ****   *   2. Redistributions in binary form must reproduce the above copyright notice,
  23:Src/main.c    ****   *      this list of conditions and the following disclaimer in the documentation
  24:Src/main.c    ****   *      and/or other materials provided with the distribution.
  25:Src/main.c    ****   *   3. Neither the name of STMicroelectronics nor the names of its contributors
  26:Src/main.c    ****   *      may be used to endorse or promote products derived from this software
  27:Src/main.c    ****   *      without specific prior written permission.
  28:Src/main.c    ****   *
  29:Src/main.c    ****   * THIS SOFTWARE IS PROVIDED BY THE COPYRIGHT HOLDERS AND CONTRIBUTORS "AS IS"
  30:Src/main.c    ****   * AND ANY EXPRESS OR IMPLIED WARRANTIES, INCLUDING, BUT NOT LIMITED TO, THE
  31:Src/main.c    ****   * IMPLIED WARRANTIES OF MERCHANTABILITY AND FITNESS FOR A PARTICULAR PURPOSE ARE
  32:Src/main.c    ****   * DISCLAIMED. IN NO EVENT SHALL THE COPYRIGHT HOLDER OR CONTRIBUTORS BE LIABLE
ARM GAS  /var/folders/5r/xb8hq6p128d37tsfvtb6dnd00000gn/T//ccFo8uwE.s 			page 2


  33:Src/main.c    ****   * FOR ANY DIRECT, INDIRECT, INCIDENTAL, SPECIAL, EXEMPLARY, OR CONSEQUENTIAL
  34:Src/main.c    ****   * DAMAGES (INCLUDING, BUT NOT LIMITED TO, PROCUREMENT OF SUBSTITUTE GOODS OR
  35:Src/main.c    ****   * SERVICES; LOSS OF USE, DATA, OR PROFITS; OR BUSINESS INTERRUPTION) HOWEVER
  36:Src/main.c    ****   * CAUSED AND ON ANY THEORY OF LIABILITY, WHETHER IN CONTRACT, STRICT LIABILITY,
  37:Src/main.c    ****   * OR TORT (INCLUDING NEGLIGENCE OR OTHERWISE) ARISING IN ANY WAY OUT OF THE USE
  38:Src/main.c    ****   * OF THIS SOFTWARE, EVEN IF ADVISED OF THE POSSIBILITY OF SUCH DAMAGE.
  39:Src/main.c    ****   *
  40:Src/main.c    ****   ******************************************************************************
  41:Src/main.c    ****   */
  42:Src/main.c    **** 
  43:Src/main.c    **** /* Includes ------------------------------------------------------------------*/
  44:Src/main.c    **** #include "main.h"
  45:Src/main.c    **** #include "stm32f0xx_hal.h"
  46:Src/main.c    **** void _Error_Handler(char * file, int line);
  47:Src/main.c    **** 
  48:Src/main.c    **** /* USER CODE BEGIN Includes */
  49:Src/main.c    **** 
  50:Src/main.c    **** /* USER CODE END Includes */
  51:Src/main.c    **** 
  52:Src/main.c    **** /* Private variables ---------------------------------------------------------*/
  53:Src/main.c    **** 
  54:Src/main.c    **** /* USER CODE BEGIN PV */
  55:Src/main.c    **** /* Private variables ---------------------------------------------------------*/
  56:Src/main.c    **** 
  57:Src/main.c    **** /* USER CODE END PV */
  58:Src/main.c    **** 
  59:Src/main.c    **** /* Private function prototypes -----------------------------------------------*/
  60:Src/main.c    **** void SystemClock_Config(void);
  61:Src/main.c    **** void TIM2_IRQHandler(void);
  62:Src/main.c    **** 
  63:Src/main.c    **** /* USER CODE BEGIN PFP */
  64:Src/main.c    **** /* Private function prototypes -----------------------------------------------*/
  65:Src/main.c    **** 
  66:Src/main.c    **** /* USER CODE END PFP */
  67:Src/main.c    **** 
  68:Src/main.c    **** /* USER CODE BEGIN 0 */
  69:Src/main.c    **** 
  70:Src/main.c    **** /* USER CODE END 0 */
  71:Src/main.c    **** 
  72:Src/main.c    **** /**
  73:Src/main.c    ****   * @brief  The application entry point.
  74:Src/main.c    ****   * @retval int
  75:Src/main.c    ****   */
  76:Src/main.c    **** int main(void)
  77:Src/main.c    **** {
  78:Src/main.c    **** 	HAL_Init(); // Reset of all peripherals, init the Flash and Systick
  79:Src/main.c    **** 	SystemClock_Config(); //Configure the system clock
  80:Src/main.c    **** 
  81:Src/main.c    **** 	__HAL_RCC_GPIOC_CLK_ENABLE(); // Enable the GPIOC clock in the RCC
  82:Src/main.c    **** 	//RCC->APB1ENR |= RCC_APB1ENR_TIM2EN;
  83:Src/main.c    **** 	__HAL_RCC_TIM2_CLK_ENABLE(); // Enable timer 2 peripheral
  84:Src/main.c    **** 	// Set up a configuration struct to pass to the initialization function
  85:Src/main.c    **** 	GPIO_InitTypeDef initStr = {GPIO_PIN_6 | GPIO_PIN_7| GPIO_PIN_8 | GPIO_PIN_9,
  86:Src/main.c    **** 	GPIO_MODE_OUTPUT_PP,
  87:Src/main.c    **** 	GPIO_SPEED_FREQ_LOW,
  88:Src/main.c    **** 	GPIO_NOPULL};
  89:Src/main.c    **** 	HAL_GPIO_Init(GPIOC, &initStr); // Initialize pins PC6,7,8 & PC9
ARM GAS  /var/folders/5r/xb8hq6p128d37tsfvtb6dnd00000gn/T//ccFo8uwE.s 			page 3


  90:Src/main.c    **** 	HAL_GPIO_WritePin(GPIOC, GPIO_PIN_8, GPIO_PIN_SET); // Start PC8 high (orange)
  91:Src/main.c    ****   HAL_GPIO_WritePin(GPIOC, GPIO_PIN_9, GPIO_PIN_RESET); // Start PC9 low (green)
  92:Src/main.c    **** 	//HAL_GPIO_WritePin(GPIOC, GPIO_PIN_8, GPIO_PIN_RESET)
  93:Src/main.c    **** 	// Setting parameters
  94:Src/main.c    **** 	uint32_t timer_freq = 8000000;
  95:Src/main.c    **** 	uint32_t target_freq = 4;
  96:Src/main.c    **** 	uint32_t psc = 7999;
  97:Src/main.c    **** 	uint32_t auto_reload_val = (timer_freq/((psc + 1)*target_freq));
  98:Src/main.c    **** 	//Set psc
  99:Src/main.c    **** 	TIM2->PSC = 7999;
 100:Src/main.c    **** 	TIM2->ARR = auto_reload_val;
 101:Src/main.c    **** 	// enable update interrupt
 102:Src/main.c    **** 	TIM2->DIER |= TIM_DIER_UIE;
 103:Src/main.c    **** 	// configure and enable/start timer
 104:Src/main.c    **** 	TIM2->CR1 |= TIM_CR1_CEN;
 105:Src/main.c    **** 	
 106:Src/main.c    **** 	//*****Enable and Set Priority of the TIM2 Interrupt*****************//
 107:Src/main.c    **** 	//Enable the selected EXTI interrupt that references timer 2
 108:Src/main.c    **** 	NVIC_EnableIRQ(TIM2_IRQn);
 109:Src/main.c    **** 	//Set the priority for the interrupt to 2
 110:Src/main.c    **** 	NVIC_SetPriority(TIM2_IRQn, 2);
 111:Src/main.c    **** 	
 112:Src/main.c    **** 	
 113:Src/main.c    **** 	while (1) {
 114:Src/main.c    **** 	}
 115:Src/main.c    **** }
 116:Src/main.c    **** 
 117:Src/main.c    **** /**
 118:Src/main.c    **** * TIM2 Interrupt Handler
 119:Src/main.c    **** */
 120:Src/main.c    **** void TIM2_IRQHandler(){
  27              		.loc 1 120 23 view -0
  28              		.cfi_startproc
  29              		@ args = 0, pretend = 0, frame = 0
  30              		@ frame_needed = 0, uses_anonymous_args = 0
  31 0000 10B5     		push	{r4, lr}
  32              	.LCFI0:
  33              		.cfi_def_cfa_offset 8
  34              		.cfi_offset 4, -8
  35              		.cfi_offset 14, -4
 121:Src/main.c    **** 	//toggle green and orange
 122:Src/main.c    **** 	HAL_GPIO_TogglePin(GPIOC, GPIO_PIN_8); 
  36              		.loc 1 122 2 view .LVU1
  37 0002 8021     		movs	r1, #128
  38 0004 084C     		ldr	r4, .L2
  39 0006 4900     		lsls	r1, r1, #1
  40 0008 2000     		movs	r0, r4
  41 000a FFF7FEFF 		bl	HAL_GPIO_TogglePin
  42              	.LVL0:
 123:Src/main.c    ****   HAL_GPIO_TogglePin(GPIOC, GPIO_PIN_9); 
  43              		.loc 1 123 3 view .LVU2
  44 000e 8021     		movs	r1, #128
  45 0010 8900     		lsls	r1, r1, #2
  46 0012 2000     		movs	r0, r4
  47 0014 FFF7FEFF 		bl	HAL_GPIO_TogglePin
  48              	.LVL1:
 124:Src/main.c    **** 	// clear pending register
ARM GAS  /var/folders/5r/xb8hq6p128d37tsfvtb6dnd00000gn/T//ccFo8uwE.s 			page 4


 125:Src/main.c    **** 	TIM2->SR &= ~(TIM_SR_UIF);
  49              		.loc 1 125 2 view .LVU3
  50              		.loc 1 125 6 is_stmt 0 view .LVU4
  51 0018 8022     		movs	r2, #128
  52 001a D205     		lsls	r2, r2, #23
  53 001c 1369     		ldr	r3, [r2, #16]
  54              		.loc 1 125 11 view .LVU5
  55 001e 0121     		movs	r1, #1
  56 0020 8B43     		bics	r3, r1
  57 0022 1361     		str	r3, [r2, #16]
 126:Src/main.c    **** }
  58              		.loc 1 126 1 view .LVU6
  59              		@ sp needed
  60 0024 10BD     		pop	{r4, pc}
  61              	.L3:
  62 0026 C046     		.align	2
  63              	.L2:
  64 0028 00080048 		.word	1207961600
  65              		.cfi_endproc
  66              	.LFE41:
  68              		.section	.text._Error_Handler,"ax",%progbits
  69              		.align	1
  70              		.global	_Error_Handler
  71              		.syntax unified
  72              		.code	16
  73              		.thumb_func
  75              	_Error_Handler:
  76              	.LFB43:
 127:Src/main.c    **** 
 128:Src/main.c    **** /** System Clock Configuration
 129:Src/main.c    **** */
 130:Src/main.c    **** void SystemClock_Config(void)
 131:Src/main.c    **** {
 132:Src/main.c    **** 
 133:Src/main.c    ****   RCC_OscInitTypeDef RCC_OscInitStruct;
 134:Src/main.c    ****   RCC_ClkInitTypeDef RCC_ClkInitStruct;
 135:Src/main.c    **** 
 136:Src/main.c    ****     /**Initializes the CPU, AHB and APB busses clocks
 137:Src/main.c    ****     */
 138:Src/main.c    ****   RCC_OscInitStruct.OscillatorType = RCC_OSCILLATORTYPE_HSI;
 139:Src/main.c    ****   RCC_OscInitStruct.HSIState = RCC_HSI_ON;
 140:Src/main.c    ****   RCC_OscInitStruct.HSICalibrationValue = 16;
 141:Src/main.c    ****   RCC_OscInitStruct.PLL.PLLState = RCC_PLL_NONE;
 142:Src/main.c    ****   if (HAL_RCC_OscConfig(&RCC_OscInitStruct) != HAL_OK)
 143:Src/main.c    ****   {
 144:Src/main.c    ****     _Error_Handler(__FILE__, __LINE__);
 145:Src/main.c    ****   }
 146:Src/main.c    **** 
 147:Src/main.c    ****     /**Initializes the CPU, AHB and APB busses clocks
 148:Src/main.c    ****     */
 149:Src/main.c    ****   RCC_ClkInitStruct.ClockType = RCC_CLOCKTYPE_HCLK|RCC_CLOCKTYPE_SYSCLK
 150:Src/main.c    ****                               |RCC_CLOCKTYPE_PCLK1;
 151:Src/main.c    ****   RCC_ClkInitStruct.SYSCLKSource = RCC_SYSCLKSOURCE_HSI;
 152:Src/main.c    ****   RCC_ClkInitStruct.AHBCLKDivider = RCC_SYSCLK_DIV1;
 153:Src/main.c    ****   RCC_ClkInitStruct.APB1CLKDivider = RCC_HCLK_DIV1;
 154:Src/main.c    **** 
 155:Src/main.c    ****   if (HAL_RCC_ClockConfig(&RCC_ClkInitStruct, FLASH_LATENCY_0) != HAL_OK)
ARM GAS  /var/folders/5r/xb8hq6p128d37tsfvtb6dnd00000gn/T//ccFo8uwE.s 			page 5


 156:Src/main.c    ****   {
 157:Src/main.c    ****     _Error_Handler(__FILE__, __LINE__);
 158:Src/main.c    ****   }
 159:Src/main.c    **** 
 160:Src/main.c    ****     /**Configure the Systick interrupt time
 161:Src/main.c    ****     */
 162:Src/main.c    ****   HAL_SYSTICK_Config(HAL_RCC_GetHCLKFreq()/1000);
 163:Src/main.c    **** 
 164:Src/main.c    ****     /**Configure the Systick
 165:Src/main.c    ****     */
 166:Src/main.c    ****   HAL_SYSTICK_CLKSourceConfig(SYSTICK_CLKSOURCE_HCLK);
 167:Src/main.c    **** 
 168:Src/main.c    ****   /* SysTick_IRQn interrupt configuration */
 169:Src/main.c    ****   HAL_NVIC_SetPriority(SysTick_IRQn, 0, 0);
 170:Src/main.c    **** }
 171:Src/main.c    **** 
 172:Src/main.c    **** /* USER CODE BEGIN 4 */
 173:Src/main.c    **** 
 174:Src/main.c    **** /* USER CODE END 4 */
 175:Src/main.c    **** 
 176:Src/main.c    **** /**
 177:Src/main.c    ****   * @brief  This function is executed in case of error occurrence.
 178:Src/main.c    ****   * @param  None
 179:Src/main.c    ****   * @retval None
 180:Src/main.c    ****   */
 181:Src/main.c    **** void _Error_Handler(char * file, int line)
 182:Src/main.c    **** {
  77              		.loc 1 182 1 is_stmt 1 view -0
  78              		.cfi_startproc
  79              		@ Volatile: function does not return.
  80              		@ args = 0, pretend = 0, frame = 0
  81              		@ frame_needed = 0, uses_anonymous_args = 0
  82              		@ link register save eliminated.
  83              	.LVL2:
  84              	.L5:
 183:Src/main.c    ****   /* USER CODE BEGIN Error_Handler_Debug */
 184:Src/main.c    ****   /* User can add his own implementation to report the HAL error return state */
 185:Src/main.c    ****   while(1)
  85              		.loc 1 185 3 view .LVU8
 186:Src/main.c    ****   {
 187:Src/main.c    ****   }
  86              		.loc 1 187 3 view .LVU9
 185:Src/main.c    ****   {
  87              		.loc 1 185 8 view .LVU10
  88 0000 FEE7     		b	.L5
  89              		.cfi_endproc
  90              	.LFE43:
  92              		.section	.rodata.SystemClock_Config.str1.4,"aMS",%progbits,1
  93              		.align	2
  94              	.LC0:
  95 0000 5372632F 		.ascii	"Src/main.c\000"
  95      6D61696E 
  95      2E6300
  96              		.global	__aeabi_uidiv
  97              		.section	.text.SystemClock_Config,"ax",%progbits
  98              		.align	1
  99              		.global	SystemClock_Config
ARM GAS  /var/folders/5r/xb8hq6p128d37tsfvtb6dnd00000gn/T//ccFo8uwE.s 			page 6


 100              		.syntax unified
 101              		.code	16
 102              		.thumb_func
 104              	SystemClock_Config:
 105              	.LFB42:
 131:Src/main.c    **** 
 106              		.loc 1 131 1 view -0
 107              		.cfi_startproc
 108              		@ args = 0, pretend = 0, frame = 72
 109              		@ frame_needed = 0, uses_anonymous_args = 0
 110 0000 00B5     		push	{lr}
 111              	.LCFI1:
 112              		.cfi_def_cfa_offset 4
 113              		.cfi_offset 14, -4
 114 0002 93B0     		sub	sp, sp, #76
 115              	.LCFI2:
 116              		.cfi_def_cfa_offset 80
 133:Src/main.c    ****   RCC_ClkInitTypeDef RCC_ClkInitStruct;
 117              		.loc 1 133 3 view .LVU12
 134:Src/main.c    **** 
 118              		.loc 1 134 3 view .LVU13
 138:Src/main.c    ****   RCC_OscInitStruct.HSIState = RCC_HSI_ON;
 119              		.loc 1 138 3 view .LVU14
 138:Src/main.c    ****   RCC_OscInitStruct.HSIState = RCC_HSI_ON;
 120              		.loc 1 138 36 is_stmt 0 view .LVU15
 121 0004 0223     		movs	r3, #2
 122 0006 0593     		str	r3, [sp, #20]
 139:Src/main.c    ****   RCC_OscInitStruct.HSICalibrationValue = 16;
 123              		.loc 1 139 3 is_stmt 1 view .LVU16
 139:Src/main.c    ****   RCC_OscInitStruct.HSICalibrationValue = 16;
 124              		.loc 1 139 30 is_stmt 0 view .LVU17
 125 0008 013B     		subs	r3, r3, #1
 126 000a 0893     		str	r3, [sp, #32]
 140:Src/main.c    ****   RCC_OscInitStruct.PLL.PLLState = RCC_PLL_NONE;
 127              		.loc 1 140 3 is_stmt 1 view .LVU18
 140:Src/main.c    ****   RCC_OscInitStruct.PLL.PLLState = RCC_PLL_NONE;
 128              		.loc 1 140 41 is_stmt 0 view .LVU19
 129 000c 0F33     		adds	r3, r3, #15
 130 000e 0993     		str	r3, [sp, #36]
 141:Src/main.c    ****   if (HAL_RCC_OscConfig(&RCC_OscInitStruct) != HAL_OK)
 131              		.loc 1 141 3 is_stmt 1 view .LVU20
 141:Src/main.c    ****   if (HAL_RCC_OscConfig(&RCC_OscInitStruct) != HAL_OK)
 132              		.loc 1 141 34 is_stmt 0 view .LVU21
 133 0010 0023     		movs	r3, #0
 134 0012 0E93     		str	r3, [sp, #56]
 142:Src/main.c    ****   {
 135              		.loc 1 142 3 is_stmt 1 view .LVU22
 142:Src/main.c    ****   {
 136              		.loc 1 142 7 is_stmt 0 view .LVU23
 137 0014 05A8     		add	r0, sp, #20
 138 0016 FFF7FEFF 		bl	HAL_RCC_OscConfig
 139              	.LVL3:
 142:Src/main.c    ****   {
 140              		.loc 1 142 6 discriminator 1 view .LVU24
 141 001a 0028     		cmp	r0, #0
 142 001c 1ED1     		bne	.L9
 149:Src/main.c    ****                               |RCC_CLOCKTYPE_PCLK1;
ARM GAS  /var/folders/5r/xb8hq6p128d37tsfvtb6dnd00000gn/T//ccFo8uwE.s 			page 7


 143              		.loc 1 149 3 is_stmt 1 view .LVU25
 149:Src/main.c    ****                               |RCC_CLOCKTYPE_PCLK1;
 144              		.loc 1 149 31 is_stmt 0 view .LVU26
 145 001e 0723     		movs	r3, #7
 146 0020 0193     		str	r3, [sp, #4]
 151:Src/main.c    ****   RCC_ClkInitStruct.AHBCLKDivider = RCC_SYSCLK_DIV1;
 147              		.loc 1 151 3 is_stmt 1 view .LVU27
 151:Src/main.c    ****   RCC_ClkInitStruct.AHBCLKDivider = RCC_SYSCLK_DIV1;
 148              		.loc 1 151 34 is_stmt 0 view .LVU28
 149 0022 0023     		movs	r3, #0
 150 0024 0293     		str	r3, [sp, #8]
 152:Src/main.c    ****   RCC_ClkInitStruct.APB1CLKDivider = RCC_HCLK_DIV1;
 151              		.loc 1 152 3 is_stmt 1 view .LVU29
 152:Src/main.c    ****   RCC_ClkInitStruct.APB1CLKDivider = RCC_HCLK_DIV1;
 152              		.loc 1 152 35 is_stmt 0 view .LVU30
 153 0026 0393     		str	r3, [sp, #12]
 153:Src/main.c    **** 
 154              		.loc 1 153 3 is_stmt 1 view .LVU31
 153:Src/main.c    **** 
 155              		.loc 1 153 36 is_stmt 0 view .LVU32
 156 0028 0493     		str	r3, [sp, #16]
 155:Src/main.c    ****   {
 157              		.loc 1 155 3 is_stmt 1 view .LVU33
 155:Src/main.c    ****   {
 158              		.loc 1 155 7 is_stmt 0 view .LVU34
 159 002a 0021     		movs	r1, #0
 160 002c 01A8     		add	r0, sp, #4
 161 002e FFF7FEFF 		bl	HAL_RCC_ClockConfig
 162              	.LVL4:
 155:Src/main.c    ****   {
 163              		.loc 1 155 6 discriminator 1 view .LVU35
 164 0032 0028     		cmp	r0, #0
 165 0034 16D1     		bne	.L10
 162:Src/main.c    **** 
 166              		.loc 1 162 3 is_stmt 1 view .LVU36
 162:Src/main.c    **** 
 167              		.loc 1 162 22 is_stmt 0 view .LVU37
 168 0036 FFF7FEFF 		bl	HAL_RCC_GetHCLKFreq
 169              	.LVL5:
 162:Src/main.c    **** 
 170              		.loc 1 162 3 discriminator 1 view .LVU38
 171 003a FA21     		movs	r1, #250
 172 003c 8900     		lsls	r1, r1, #2
 173 003e FFF7FEFF 		bl	__aeabi_uidiv
 174              	.LVL6:
 175 0042 FFF7FEFF 		bl	HAL_SYSTICK_Config
 176              	.LVL7:
 166:Src/main.c    **** 
 177              		.loc 1 166 3 is_stmt 1 view .LVU39
 178 0046 0420     		movs	r0, #4
 179 0048 FFF7FEFF 		bl	HAL_SYSTICK_CLKSourceConfig
 180              	.LVL8:
 169:Src/main.c    **** }
 181              		.loc 1 169 3 view .LVU40
 182 004c 0120     		movs	r0, #1
 183 004e 0022     		movs	r2, #0
 184 0050 0021     		movs	r1, #0
ARM GAS  /var/folders/5r/xb8hq6p128d37tsfvtb6dnd00000gn/T//ccFo8uwE.s 			page 8


 185 0052 4042     		rsbs	r0, r0, #0
 186 0054 FFF7FEFF 		bl	HAL_NVIC_SetPriority
 187              	.LVL9:
 170:Src/main.c    **** 
 188              		.loc 1 170 1 is_stmt 0 view .LVU41
 189 0058 13B0     		add	sp, sp, #76
 190              		@ sp needed
 191 005a 00BD     		pop	{pc}
 192              	.L9:
 144:Src/main.c    ****   }
 193              		.loc 1 144 5 is_stmt 1 view .LVU42
 194 005c 0348     		ldr	r0, .L11
 195 005e 9021     		movs	r1, #144
 196 0060 FFF7FEFF 		bl	_Error_Handler
 197              	.LVL10:
 198              	.L10:
 157:Src/main.c    ****   }
 199              		.loc 1 157 5 view .LVU43
 200 0064 0148     		ldr	r0, .L11
 201 0066 9D21     		movs	r1, #157
 202 0068 FFF7FEFF 		bl	_Error_Handler
 203              	.LVL11:
 204              	.L12:
 205              		.align	2
 206              	.L11:
 207 006c 00000000 		.word	.LC0
 208              		.cfi_endproc
 209              	.LFE42:
 211              		.section	.text.main,"ax",%progbits
 212              		.align	1
 213              		.global	main
 214              		.syntax unified
 215              		.code	16
 216              		.thumb_func
 218              	main:
 219              	.LFB40:
  77:Src/main.c    **** 	HAL_Init(); // Reset of all peripherals, init the Flash and Systick
 220              		.loc 1 77 1 view -0
 221              		.cfi_startproc
 222              		@ args = 0, pretend = 0, frame = 32
 223              		@ frame_needed = 0, uses_anonymous_args = 0
 224 0000 30B5     		push	{r4, r5, lr}
 225              	.LCFI3:
 226              		.cfi_def_cfa_offset 12
 227              		.cfi_offset 4, -12
 228              		.cfi_offset 5, -8
 229              		.cfi_offset 14, -4
 230 0002 89B0     		sub	sp, sp, #36
 231              	.LCFI4:
 232              		.cfi_def_cfa_offset 48
  78:Src/main.c    **** 	SystemClock_Config(); //Configure the system clock
 233              		.loc 1 78 2 view .LVU45
 234 0004 FFF7FEFF 		bl	HAL_Init
 235              	.LVL12:
  79:Src/main.c    **** 
 236              		.loc 1 79 2 view .LVU46
 237 0008 FFF7FEFF 		bl	SystemClock_Config
ARM GAS  /var/folders/5r/xb8hq6p128d37tsfvtb6dnd00000gn/T//ccFo8uwE.s 			page 9


 238              	.LVL13:
  81:Src/main.c    **** 	//RCC->APB1ENR |= RCC_APB1ENR_TIM2EN;
 239              		.loc 1 81 2 view .LVU47
 240              	.LBB8:
  81:Src/main.c    **** 	//RCC->APB1ENR |= RCC_APB1ENR_TIM2EN;
 241              		.loc 1 81 2 view .LVU48
  81:Src/main.c    **** 	//RCC->APB1ENR |= RCC_APB1ENR_TIM2EN;
 242              		.loc 1 81 2 view .LVU49
 243 000c 224B     		ldr	r3, .L15
 244 000e 5A69     		ldr	r2, [r3, #20]
 245 0010 8021     		movs	r1, #128
 246 0012 0903     		lsls	r1, r1, #12
 247 0014 0A43     		orrs	r2, r1
 248 0016 5A61     		str	r2, [r3, #20]
  81:Src/main.c    **** 	//RCC->APB1ENR |= RCC_APB1ENR_TIM2EN;
 249              		.loc 1 81 2 view .LVU50
 250 0018 5A69     		ldr	r2, [r3, #20]
 251 001a 0A40     		ands	r2, r1
 252 001c 0192     		str	r2, [sp, #4]
  81:Src/main.c    **** 	//RCC->APB1ENR |= RCC_APB1ENR_TIM2EN;
 253              		.loc 1 81 2 view .LVU51
 254 001e 019A     		ldr	r2, [sp, #4]
 255              	.LBE8:
  81:Src/main.c    **** 	//RCC->APB1ENR |= RCC_APB1ENR_TIM2EN;
 256              		.loc 1 81 2 view .LVU52
  83:Src/main.c    **** 	// Set up a configuration struct to pass to the initialization function
 257              		.loc 1 83 2 view .LVU53
 258              	.LBB9:
  83:Src/main.c    **** 	// Set up a configuration struct to pass to the initialization function
 259              		.loc 1 83 2 view .LVU54
  83:Src/main.c    **** 	// Set up a configuration struct to pass to the initialization function
 260              		.loc 1 83 2 view .LVU55
 261 0020 DA69     		ldr	r2, [r3, #28]
 262 0022 0124     		movs	r4, #1
 263 0024 2243     		orrs	r2, r4
 264 0026 DA61     		str	r2, [r3, #28]
  83:Src/main.c    **** 	// Set up a configuration struct to pass to the initialization function
 265              		.loc 1 83 2 view .LVU56
 266 0028 DB69     		ldr	r3, [r3, #28]
 267 002a 2340     		ands	r3, r4
 268 002c 0293     		str	r3, [sp, #8]
  83:Src/main.c    **** 	// Set up a configuration struct to pass to the initialization function
 269              		.loc 1 83 2 view .LVU57
 270 002e 029B     		ldr	r3, [sp, #8]
 271              	.LBE9:
  83:Src/main.c    **** 	// Set up a configuration struct to pass to the initialization function
 272              		.loc 1 83 2 view .LVU58
  85:Src/main.c    **** 	GPIO_MODE_OUTPUT_PP,
 273              		.loc 1 85 2 view .LVU59
  85:Src/main.c    **** 	GPIO_MODE_OUTPUT_PP,
 274              		.loc 1 85 19 is_stmt 0 view .LVU60
 275 0030 1422     		movs	r2, #20
 276 0032 0021     		movs	r1, #0
 277 0034 03A8     		add	r0, sp, #12
 278 0036 FFF7FEFF 		bl	memset
 279              	.LVL14:
 280 003a F023     		movs	r3, #240
ARM GAS  /var/folders/5r/xb8hq6p128d37tsfvtb6dnd00000gn/T//ccFo8uwE.s 			page 10


 281 003c 9B00     		lsls	r3, r3, #2
 282 003e 0393     		str	r3, [sp, #12]
 283 0040 0494     		str	r4, [sp, #16]
  89:Src/main.c    **** 	HAL_GPIO_WritePin(GPIOC, GPIO_PIN_8, GPIO_PIN_SET); // Start PC8 high (orange)
 284              		.loc 1 89 2 is_stmt 1 view .LVU61
 285 0042 164D     		ldr	r5, .L15+4
 286 0044 03A9     		add	r1, sp, #12
 287 0046 2800     		movs	r0, r5
 288 0048 FFF7FEFF 		bl	HAL_GPIO_Init
 289              	.LVL15:
  90:Src/main.c    ****   HAL_GPIO_WritePin(GPIOC, GPIO_PIN_9, GPIO_PIN_RESET); // Start PC9 low (green)
 290              		.loc 1 90 2 view .LVU62
 291 004c 8021     		movs	r1, #128
 292 004e 0122     		movs	r2, #1
 293 0050 4900     		lsls	r1, r1, #1
 294 0052 2800     		movs	r0, r5
 295 0054 FFF7FEFF 		bl	HAL_GPIO_WritePin
 296              	.LVL16:
  91:Src/main.c    **** 	//HAL_GPIO_WritePin(GPIOC, GPIO_PIN_8, GPIO_PIN_RESET)
 297              		.loc 1 91 3 view .LVU63
 298 0058 8021     		movs	r1, #128
 299 005a 0022     		movs	r2, #0
 300 005c 8900     		lsls	r1, r1, #2
 301 005e 2800     		movs	r0, r5
 302 0060 FFF7FEFF 		bl	HAL_GPIO_WritePin
 303              	.LVL17:
  94:Src/main.c    **** 	uint32_t target_freq = 4;
 304              		.loc 1 94 2 view .LVU64
  95:Src/main.c    **** 	uint32_t psc = 7999;
 305              		.loc 1 95 2 view .LVU65
  96:Src/main.c    **** 	uint32_t auto_reload_val = (timer_freq/((psc + 1)*target_freq));
 306              		.loc 1 96 2 view .LVU66
  97:Src/main.c    **** 	//Set psc
 307              		.loc 1 97 2 view .LVU67
  99:Src/main.c    **** 	TIM2->ARR = auto_reload_val;
 308              		.loc 1 99 2 view .LVU68
  99:Src/main.c    **** 	TIM2->ARR = auto_reload_val;
 309              		.loc 1 99 12 is_stmt 0 view .LVU69
 310 0064 8023     		movs	r3, #128
 311 0066 DB05     		lsls	r3, r3, #23
 312 0068 0D4A     		ldr	r2, .L15+8
 313 006a 9A62     		str	r2, [r3, #40]
 100:Src/main.c    **** 	// enable update interrupt
 314              		.loc 1 100 2 is_stmt 1 view .LVU70
 100:Src/main.c    **** 	// enable update interrupt
 315              		.loc 1 100 12 is_stmt 0 view .LVU71
 316 006c FA22     		movs	r2, #250
 317 006e DA62     		str	r2, [r3, #44]
 102:Src/main.c    **** 	// configure and enable/start timer
 318              		.loc 1 102 2 is_stmt 1 view .LVU72
 102:Src/main.c    **** 	// configure and enable/start timer
 319              		.loc 1 102 6 is_stmt 0 view .LVU73
 320 0070 DA68     		ldr	r2, [r3, #12]
 102:Src/main.c    **** 	// configure and enable/start timer
 321              		.loc 1 102 13 view .LVU74
 322 0072 2243     		orrs	r2, r4
 323 0074 DA60     		str	r2, [r3, #12]
ARM GAS  /var/folders/5r/xb8hq6p128d37tsfvtb6dnd00000gn/T//ccFo8uwE.s 			page 11


 104:Src/main.c    **** 	
 324              		.loc 1 104 2 is_stmt 1 view .LVU75
 104:Src/main.c    **** 	
 325              		.loc 1 104 6 is_stmt 0 view .LVU76
 326 0076 1A68     		ldr	r2, [r3]
 104:Src/main.c    **** 	
 327              		.loc 1 104 12 view .LVU77
 328 0078 2243     		orrs	r2, r4
 329 007a 1A60     		str	r2, [r3]
 108:Src/main.c    **** 	//Set the priority for the interrupt to 2
 330              		.loc 1 108 2 is_stmt 1 view .LVU78
 331              	.LVL18:
 332              	.LBB10:
 333              	.LBI10:
 334              		.file 2 "Drivers/CMSIS/Include/core_cm0.h"
   1:Drivers/CMSIS/Include/core_cm0.h **** /**************************************************************************//**
   2:Drivers/CMSIS/Include/core_cm0.h ****  * @file     core_cm0.h
   3:Drivers/CMSIS/Include/core_cm0.h ****  * @brief    CMSIS Cortex-M0 Core Peripheral Access Layer Header File
   4:Drivers/CMSIS/Include/core_cm0.h ****  * @version  V5.0.5
   5:Drivers/CMSIS/Include/core_cm0.h ****  * @date     28. May 2018
   6:Drivers/CMSIS/Include/core_cm0.h ****  ******************************************************************************/
   7:Drivers/CMSIS/Include/core_cm0.h **** /*
   8:Drivers/CMSIS/Include/core_cm0.h ****  * Copyright (c) 2009-2018 Arm Limited. All rights reserved.
   9:Drivers/CMSIS/Include/core_cm0.h ****  *
  10:Drivers/CMSIS/Include/core_cm0.h ****  * SPDX-License-Identifier: Apache-2.0
  11:Drivers/CMSIS/Include/core_cm0.h ****  *
  12:Drivers/CMSIS/Include/core_cm0.h ****  * Licensed under the Apache License, Version 2.0 (the License); you may
  13:Drivers/CMSIS/Include/core_cm0.h ****  * not use this file except in compliance with the License.
  14:Drivers/CMSIS/Include/core_cm0.h ****  * You may obtain a copy of the License at
  15:Drivers/CMSIS/Include/core_cm0.h ****  *
  16:Drivers/CMSIS/Include/core_cm0.h ****  * www.apache.org/licenses/LICENSE-2.0
  17:Drivers/CMSIS/Include/core_cm0.h ****  *
  18:Drivers/CMSIS/Include/core_cm0.h ****  * Unless required by applicable law or agreed to in writing, software
  19:Drivers/CMSIS/Include/core_cm0.h ****  * distributed under the License is distributed on an AS IS BASIS, WITHOUT
  20:Drivers/CMSIS/Include/core_cm0.h ****  * WARRANTIES OR CONDITIONS OF ANY KIND, either express or implied.
  21:Drivers/CMSIS/Include/core_cm0.h ****  * See the License for the specific language governing permissions and
  22:Drivers/CMSIS/Include/core_cm0.h ****  * limitations under the License.
  23:Drivers/CMSIS/Include/core_cm0.h ****  */
  24:Drivers/CMSIS/Include/core_cm0.h **** 
  25:Drivers/CMSIS/Include/core_cm0.h **** #if   defined ( __ICCARM__ )
  26:Drivers/CMSIS/Include/core_cm0.h ****   #pragma system_include         /* treat file as system include file for MISRA check */
  27:Drivers/CMSIS/Include/core_cm0.h **** #elif defined (__clang__)
  28:Drivers/CMSIS/Include/core_cm0.h ****   #pragma clang system_header   /* treat file as system include file */
  29:Drivers/CMSIS/Include/core_cm0.h **** #endif
  30:Drivers/CMSIS/Include/core_cm0.h **** 
  31:Drivers/CMSIS/Include/core_cm0.h **** #ifndef __CORE_CM0_H_GENERIC
  32:Drivers/CMSIS/Include/core_cm0.h **** #define __CORE_CM0_H_GENERIC
  33:Drivers/CMSIS/Include/core_cm0.h **** 
  34:Drivers/CMSIS/Include/core_cm0.h **** #include <stdint.h>
  35:Drivers/CMSIS/Include/core_cm0.h **** 
  36:Drivers/CMSIS/Include/core_cm0.h **** #ifdef __cplusplus
  37:Drivers/CMSIS/Include/core_cm0.h ****  extern "C" {
  38:Drivers/CMSIS/Include/core_cm0.h **** #endif
  39:Drivers/CMSIS/Include/core_cm0.h **** 
  40:Drivers/CMSIS/Include/core_cm0.h **** /**
  41:Drivers/CMSIS/Include/core_cm0.h ****   \page CMSIS_MISRA_Exceptions  MISRA-C:2004 Compliance Exceptions
  42:Drivers/CMSIS/Include/core_cm0.h ****   CMSIS violates the following MISRA-C:2004 rules:
ARM GAS  /var/folders/5r/xb8hq6p128d37tsfvtb6dnd00000gn/T//ccFo8uwE.s 			page 12


  43:Drivers/CMSIS/Include/core_cm0.h **** 
  44:Drivers/CMSIS/Include/core_cm0.h ****    \li Required Rule 8.5, object/function definition in header file.<br>
  45:Drivers/CMSIS/Include/core_cm0.h ****      Function definitions in header files are used to allow 'inlining'.
  46:Drivers/CMSIS/Include/core_cm0.h **** 
  47:Drivers/CMSIS/Include/core_cm0.h ****    \li Required Rule 18.4, declaration of union type or object of union type: '{...}'.<br>
  48:Drivers/CMSIS/Include/core_cm0.h ****      Unions are used for effective representation of core registers.
  49:Drivers/CMSIS/Include/core_cm0.h **** 
  50:Drivers/CMSIS/Include/core_cm0.h ****    \li Advisory Rule 19.7, Function-like macro defined.<br>
  51:Drivers/CMSIS/Include/core_cm0.h ****      Function-like macros are used to allow more efficient code.
  52:Drivers/CMSIS/Include/core_cm0.h ****  */
  53:Drivers/CMSIS/Include/core_cm0.h **** 
  54:Drivers/CMSIS/Include/core_cm0.h **** 
  55:Drivers/CMSIS/Include/core_cm0.h **** /*******************************************************************************
  56:Drivers/CMSIS/Include/core_cm0.h ****  *                 CMSIS definitions
  57:Drivers/CMSIS/Include/core_cm0.h ****  ******************************************************************************/
  58:Drivers/CMSIS/Include/core_cm0.h **** /**
  59:Drivers/CMSIS/Include/core_cm0.h ****   \ingroup Cortex_M0
  60:Drivers/CMSIS/Include/core_cm0.h ****   @{
  61:Drivers/CMSIS/Include/core_cm0.h ****  */
  62:Drivers/CMSIS/Include/core_cm0.h **** 
  63:Drivers/CMSIS/Include/core_cm0.h **** #include "cmsis_version.h"
  64:Drivers/CMSIS/Include/core_cm0.h ****  
  65:Drivers/CMSIS/Include/core_cm0.h **** /*  CMSIS CM0 definitions */
  66:Drivers/CMSIS/Include/core_cm0.h **** #define __CM0_CMSIS_VERSION_MAIN  (__CM_CMSIS_VERSION_MAIN)              /*!< \deprecated [31:16] C
  67:Drivers/CMSIS/Include/core_cm0.h **** #define __CM0_CMSIS_VERSION_SUB   (__CM_CMSIS_VERSION_SUB)               /*!< \deprecated [15:0]  C
  68:Drivers/CMSIS/Include/core_cm0.h **** #define __CM0_CMSIS_VERSION       ((__CM0_CMSIS_VERSION_MAIN << 16U) | \
  69:Drivers/CMSIS/Include/core_cm0.h ****                                     __CM0_CMSIS_VERSION_SUB           )  /*!< \deprecated CMSIS HAL
  70:Drivers/CMSIS/Include/core_cm0.h **** 
  71:Drivers/CMSIS/Include/core_cm0.h **** #define __CORTEX_M                (0U)                                   /*!< Cortex-M Core */
  72:Drivers/CMSIS/Include/core_cm0.h **** 
  73:Drivers/CMSIS/Include/core_cm0.h **** /** __FPU_USED indicates whether an FPU is used or not.
  74:Drivers/CMSIS/Include/core_cm0.h ****     This core does not support an FPU at all
  75:Drivers/CMSIS/Include/core_cm0.h **** */
  76:Drivers/CMSIS/Include/core_cm0.h **** #define __FPU_USED       0U
  77:Drivers/CMSIS/Include/core_cm0.h **** 
  78:Drivers/CMSIS/Include/core_cm0.h **** #if defined ( __CC_ARM )
  79:Drivers/CMSIS/Include/core_cm0.h ****   #if defined __TARGET_FPU_VFP
  80:Drivers/CMSIS/Include/core_cm0.h ****     #error "Compiler generates FPU instructions for a device without an FPU (check __FPU_PRESENT)"
  81:Drivers/CMSIS/Include/core_cm0.h ****   #endif
  82:Drivers/CMSIS/Include/core_cm0.h **** 
  83:Drivers/CMSIS/Include/core_cm0.h **** #elif defined (__ARMCC_VERSION) && (__ARMCC_VERSION >= 6010050)
  84:Drivers/CMSIS/Include/core_cm0.h ****   #if defined __ARM_PCS_VFP
  85:Drivers/CMSIS/Include/core_cm0.h ****     #error "Compiler generates FPU instructions for a device without an FPU (check __FPU_PRESENT)"
  86:Drivers/CMSIS/Include/core_cm0.h ****   #endif
  87:Drivers/CMSIS/Include/core_cm0.h **** 
  88:Drivers/CMSIS/Include/core_cm0.h **** #elif defined ( __GNUC__ )
  89:Drivers/CMSIS/Include/core_cm0.h ****   #if defined (__VFP_FP__) && !defined(__SOFTFP__)
  90:Drivers/CMSIS/Include/core_cm0.h ****     #error "Compiler generates FPU instructions for a device without an FPU (check __FPU_PRESENT)"
  91:Drivers/CMSIS/Include/core_cm0.h ****   #endif
  92:Drivers/CMSIS/Include/core_cm0.h **** 
  93:Drivers/CMSIS/Include/core_cm0.h **** #elif defined ( __ICCARM__ )
  94:Drivers/CMSIS/Include/core_cm0.h ****   #if defined __ARMVFP__
  95:Drivers/CMSIS/Include/core_cm0.h ****     #error "Compiler generates FPU instructions for a device without an FPU (check __FPU_PRESENT)"
  96:Drivers/CMSIS/Include/core_cm0.h ****   #endif
  97:Drivers/CMSIS/Include/core_cm0.h **** 
  98:Drivers/CMSIS/Include/core_cm0.h **** #elif defined ( __TI_ARM__ )
  99:Drivers/CMSIS/Include/core_cm0.h ****   #if defined __TI_VFP_SUPPORT__
ARM GAS  /var/folders/5r/xb8hq6p128d37tsfvtb6dnd00000gn/T//ccFo8uwE.s 			page 13


 100:Drivers/CMSIS/Include/core_cm0.h ****     #error "Compiler generates FPU instructions for a device without an FPU (check __FPU_PRESENT)"
 101:Drivers/CMSIS/Include/core_cm0.h ****   #endif
 102:Drivers/CMSIS/Include/core_cm0.h **** 
 103:Drivers/CMSIS/Include/core_cm0.h **** #elif defined ( __TASKING__ )
 104:Drivers/CMSIS/Include/core_cm0.h ****   #if defined __FPU_VFP__
 105:Drivers/CMSIS/Include/core_cm0.h ****     #error "Compiler generates FPU instructions for a device without an FPU (check __FPU_PRESENT)"
 106:Drivers/CMSIS/Include/core_cm0.h ****   #endif
 107:Drivers/CMSIS/Include/core_cm0.h **** 
 108:Drivers/CMSIS/Include/core_cm0.h **** #elif defined ( __CSMC__ )
 109:Drivers/CMSIS/Include/core_cm0.h ****   #if ( __CSMC__ & 0x400U)
 110:Drivers/CMSIS/Include/core_cm0.h ****     #error "Compiler generates FPU instructions for a device without an FPU (check __FPU_PRESENT)"
 111:Drivers/CMSIS/Include/core_cm0.h ****   #endif
 112:Drivers/CMSIS/Include/core_cm0.h **** 
 113:Drivers/CMSIS/Include/core_cm0.h **** #endif
 114:Drivers/CMSIS/Include/core_cm0.h **** 
 115:Drivers/CMSIS/Include/core_cm0.h **** #include "cmsis_compiler.h"               /* CMSIS compiler specific defines */
 116:Drivers/CMSIS/Include/core_cm0.h **** 
 117:Drivers/CMSIS/Include/core_cm0.h **** 
 118:Drivers/CMSIS/Include/core_cm0.h **** #ifdef __cplusplus
 119:Drivers/CMSIS/Include/core_cm0.h **** }
 120:Drivers/CMSIS/Include/core_cm0.h **** #endif
 121:Drivers/CMSIS/Include/core_cm0.h **** 
 122:Drivers/CMSIS/Include/core_cm0.h **** #endif /* __CORE_CM0_H_GENERIC */
 123:Drivers/CMSIS/Include/core_cm0.h **** 
 124:Drivers/CMSIS/Include/core_cm0.h **** #ifndef __CMSIS_GENERIC
 125:Drivers/CMSIS/Include/core_cm0.h **** 
 126:Drivers/CMSIS/Include/core_cm0.h **** #ifndef __CORE_CM0_H_DEPENDANT
 127:Drivers/CMSIS/Include/core_cm0.h **** #define __CORE_CM0_H_DEPENDANT
 128:Drivers/CMSIS/Include/core_cm0.h **** 
 129:Drivers/CMSIS/Include/core_cm0.h **** #ifdef __cplusplus
 130:Drivers/CMSIS/Include/core_cm0.h ****  extern "C" {
 131:Drivers/CMSIS/Include/core_cm0.h **** #endif
 132:Drivers/CMSIS/Include/core_cm0.h **** 
 133:Drivers/CMSIS/Include/core_cm0.h **** /* check device defines and use defaults */
 134:Drivers/CMSIS/Include/core_cm0.h **** #if defined __CHECK_DEVICE_DEFINES
 135:Drivers/CMSIS/Include/core_cm0.h ****   #ifndef __CM0_REV
 136:Drivers/CMSIS/Include/core_cm0.h ****     #define __CM0_REV               0x0000U
 137:Drivers/CMSIS/Include/core_cm0.h ****     #warning "__CM0_REV not defined in device header file; using default!"
 138:Drivers/CMSIS/Include/core_cm0.h ****   #endif
 139:Drivers/CMSIS/Include/core_cm0.h **** 
 140:Drivers/CMSIS/Include/core_cm0.h ****   #ifndef __NVIC_PRIO_BITS
 141:Drivers/CMSIS/Include/core_cm0.h ****     #define __NVIC_PRIO_BITS          2U
 142:Drivers/CMSIS/Include/core_cm0.h ****     #warning "__NVIC_PRIO_BITS not defined in device header file; using default!"
 143:Drivers/CMSIS/Include/core_cm0.h ****   #endif
 144:Drivers/CMSIS/Include/core_cm0.h **** 
 145:Drivers/CMSIS/Include/core_cm0.h ****   #ifndef __Vendor_SysTickConfig
 146:Drivers/CMSIS/Include/core_cm0.h ****     #define __Vendor_SysTickConfig    0U
 147:Drivers/CMSIS/Include/core_cm0.h ****     #warning "__Vendor_SysTickConfig not defined in device header file; using default!"
 148:Drivers/CMSIS/Include/core_cm0.h ****   #endif
 149:Drivers/CMSIS/Include/core_cm0.h **** #endif
 150:Drivers/CMSIS/Include/core_cm0.h **** 
 151:Drivers/CMSIS/Include/core_cm0.h **** /* IO definitions (access restrictions to peripheral registers) */
 152:Drivers/CMSIS/Include/core_cm0.h **** /**
 153:Drivers/CMSIS/Include/core_cm0.h ****     \defgroup CMSIS_glob_defs CMSIS Global Defines
 154:Drivers/CMSIS/Include/core_cm0.h **** 
 155:Drivers/CMSIS/Include/core_cm0.h ****     <strong>IO Type Qualifiers</strong> are used
 156:Drivers/CMSIS/Include/core_cm0.h ****     \li to specify the access to peripheral variables.
ARM GAS  /var/folders/5r/xb8hq6p128d37tsfvtb6dnd00000gn/T//ccFo8uwE.s 			page 14


 157:Drivers/CMSIS/Include/core_cm0.h ****     \li for automatic generation of peripheral register debug information.
 158:Drivers/CMSIS/Include/core_cm0.h **** */
 159:Drivers/CMSIS/Include/core_cm0.h **** #ifdef __cplusplus
 160:Drivers/CMSIS/Include/core_cm0.h ****   #define   __I     volatile             /*!< Defines 'read only' permissions */
 161:Drivers/CMSIS/Include/core_cm0.h **** #else
 162:Drivers/CMSIS/Include/core_cm0.h ****   #define   __I     volatile const       /*!< Defines 'read only' permissions */
 163:Drivers/CMSIS/Include/core_cm0.h **** #endif
 164:Drivers/CMSIS/Include/core_cm0.h **** #define     __O     volatile             /*!< Defines 'write only' permissions */
 165:Drivers/CMSIS/Include/core_cm0.h **** #define     __IO    volatile             /*!< Defines 'read / write' permissions */
 166:Drivers/CMSIS/Include/core_cm0.h **** 
 167:Drivers/CMSIS/Include/core_cm0.h **** /* following defines should be used for structure members */
 168:Drivers/CMSIS/Include/core_cm0.h **** #define     __IM     volatile const      /*! Defines 'read only' structure member permissions */
 169:Drivers/CMSIS/Include/core_cm0.h **** #define     __OM     volatile            /*! Defines 'write only' structure member permissions */
 170:Drivers/CMSIS/Include/core_cm0.h **** #define     __IOM    volatile            /*! Defines 'read / write' structure member permissions */
 171:Drivers/CMSIS/Include/core_cm0.h **** 
 172:Drivers/CMSIS/Include/core_cm0.h **** /*@} end of group Cortex_M0 */
 173:Drivers/CMSIS/Include/core_cm0.h **** 
 174:Drivers/CMSIS/Include/core_cm0.h **** 
 175:Drivers/CMSIS/Include/core_cm0.h **** 
 176:Drivers/CMSIS/Include/core_cm0.h **** /*******************************************************************************
 177:Drivers/CMSIS/Include/core_cm0.h ****  *                 Register Abstraction
 178:Drivers/CMSIS/Include/core_cm0.h ****   Core Register contain:
 179:Drivers/CMSIS/Include/core_cm0.h ****   - Core Register
 180:Drivers/CMSIS/Include/core_cm0.h ****   - Core NVIC Register
 181:Drivers/CMSIS/Include/core_cm0.h ****   - Core SCB Register
 182:Drivers/CMSIS/Include/core_cm0.h ****   - Core SysTick Register
 183:Drivers/CMSIS/Include/core_cm0.h ****  ******************************************************************************/
 184:Drivers/CMSIS/Include/core_cm0.h **** /**
 185:Drivers/CMSIS/Include/core_cm0.h ****   \defgroup CMSIS_core_register Defines and Type Definitions
 186:Drivers/CMSIS/Include/core_cm0.h ****   \brief Type definitions and defines for Cortex-M processor based devices.
 187:Drivers/CMSIS/Include/core_cm0.h **** */
 188:Drivers/CMSIS/Include/core_cm0.h **** 
 189:Drivers/CMSIS/Include/core_cm0.h **** /**
 190:Drivers/CMSIS/Include/core_cm0.h ****   \ingroup    CMSIS_core_register
 191:Drivers/CMSIS/Include/core_cm0.h ****   \defgroup   CMSIS_CORE  Status and Control Registers
 192:Drivers/CMSIS/Include/core_cm0.h ****   \brief      Core Register type definitions.
 193:Drivers/CMSIS/Include/core_cm0.h ****   @{
 194:Drivers/CMSIS/Include/core_cm0.h ****  */
 195:Drivers/CMSIS/Include/core_cm0.h **** 
 196:Drivers/CMSIS/Include/core_cm0.h **** /**
 197:Drivers/CMSIS/Include/core_cm0.h ****   \brief  Union type to access the Application Program Status Register (APSR).
 198:Drivers/CMSIS/Include/core_cm0.h ****  */
 199:Drivers/CMSIS/Include/core_cm0.h **** typedef union
 200:Drivers/CMSIS/Include/core_cm0.h **** {
 201:Drivers/CMSIS/Include/core_cm0.h ****   struct
 202:Drivers/CMSIS/Include/core_cm0.h ****   {
 203:Drivers/CMSIS/Include/core_cm0.h ****     uint32_t _reserved0:28;              /*!< bit:  0..27  Reserved */
 204:Drivers/CMSIS/Include/core_cm0.h ****     uint32_t V:1;                        /*!< bit:     28  Overflow condition code flag */
 205:Drivers/CMSIS/Include/core_cm0.h ****     uint32_t C:1;                        /*!< bit:     29  Carry condition code flag */
 206:Drivers/CMSIS/Include/core_cm0.h ****     uint32_t Z:1;                        /*!< bit:     30  Zero condition code flag */
 207:Drivers/CMSIS/Include/core_cm0.h ****     uint32_t N:1;                        /*!< bit:     31  Negative condition code flag */
 208:Drivers/CMSIS/Include/core_cm0.h ****   } b;                                   /*!< Structure used for bit  access */
 209:Drivers/CMSIS/Include/core_cm0.h ****   uint32_t w;                            /*!< Type      used for word access */
 210:Drivers/CMSIS/Include/core_cm0.h **** } APSR_Type;
 211:Drivers/CMSIS/Include/core_cm0.h **** 
 212:Drivers/CMSIS/Include/core_cm0.h **** /* APSR Register Definitions */
 213:Drivers/CMSIS/Include/core_cm0.h **** #define APSR_N_Pos                         31U                                            /*!< APSR
ARM GAS  /var/folders/5r/xb8hq6p128d37tsfvtb6dnd00000gn/T//ccFo8uwE.s 			page 15


 214:Drivers/CMSIS/Include/core_cm0.h **** #define APSR_N_Msk                         (1UL << APSR_N_Pos)                            /*!< APSR
 215:Drivers/CMSIS/Include/core_cm0.h **** 
 216:Drivers/CMSIS/Include/core_cm0.h **** #define APSR_Z_Pos                         30U                                            /*!< APSR
 217:Drivers/CMSIS/Include/core_cm0.h **** #define APSR_Z_Msk                         (1UL << APSR_Z_Pos)                            /*!< APSR
 218:Drivers/CMSIS/Include/core_cm0.h **** 
 219:Drivers/CMSIS/Include/core_cm0.h **** #define APSR_C_Pos                         29U                                            /*!< APSR
 220:Drivers/CMSIS/Include/core_cm0.h **** #define APSR_C_Msk                         (1UL << APSR_C_Pos)                            /*!< APSR
 221:Drivers/CMSIS/Include/core_cm0.h **** 
 222:Drivers/CMSIS/Include/core_cm0.h **** #define APSR_V_Pos                         28U                                            /*!< APSR
 223:Drivers/CMSIS/Include/core_cm0.h **** #define APSR_V_Msk                         (1UL << APSR_V_Pos)                            /*!< APSR
 224:Drivers/CMSIS/Include/core_cm0.h **** 
 225:Drivers/CMSIS/Include/core_cm0.h **** 
 226:Drivers/CMSIS/Include/core_cm0.h **** /**
 227:Drivers/CMSIS/Include/core_cm0.h ****   \brief  Union type to access the Interrupt Program Status Register (IPSR).
 228:Drivers/CMSIS/Include/core_cm0.h ****  */
 229:Drivers/CMSIS/Include/core_cm0.h **** typedef union
 230:Drivers/CMSIS/Include/core_cm0.h **** {
 231:Drivers/CMSIS/Include/core_cm0.h ****   struct
 232:Drivers/CMSIS/Include/core_cm0.h ****   {
 233:Drivers/CMSIS/Include/core_cm0.h ****     uint32_t ISR:9;                      /*!< bit:  0.. 8  Exception number */
 234:Drivers/CMSIS/Include/core_cm0.h ****     uint32_t _reserved0:23;              /*!< bit:  9..31  Reserved */
 235:Drivers/CMSIS/Include/core_cm0.h ****   } b;                                   /*!< Structure used for bit  access */
 236:Drivers/CMSIS/Include/core_cm0.h ****   uint32_t w;                            /*!< Type      used for word access */
 237:Drivers/CMSIS/Include/core_cm0.h **** } IPSR_Type;
 238:Drivers/CMSIS/Include/core_cm0.h **** 
 239:Drivers/CMSIS/Include/core_cm0.h **** /* IPSR Register Definitions */
 240:Drivers/CMSIS/Include/core_cm0.h **** #define IPSR_ISR_Pos                        0U                                            /*!< IPSR
 241:Drivers/CMSIS/Include/core_cm0.h **** #define IPSR_ISR_Msk                       (0x1FFUL /*<< IPSR_ISR_Pos*/)                  /*!< IPSR
 242:Drivers/CMSIS/Include/core_cm0.h **** 
 243:Drivers/CMSIS/Include/core_cm0.h **** 
 244:Drivers/CMSIS/Include/core_cm0.h **** /**
 245:Drivers/CMSIS/Include/core_cm0.h ****   \brief  Union type to access the Special-Purpose Program Status Registers (xPSR).
 246:Drivers/CMSIS/Include/core_cm0.h ****  */
 247:Drivers/CMSIS/Include/core_cm0.h **** typedef union
 248:Drivers/CMSIS/Include/core_cm0.h **** {
 249:Drivers/CMSIS/Include/core_cm0.h ****   struct
 250:Drivers/CMSIS/Include/core_cm0.h ****   {
 251:Drivers/CMSIS/Include/core_cm0.h ****     uint32_t ISR:9;                      /*!< bit:  0.. 8  Exception number */
 252:Drivers/CMSIS/Include/core_cm0.h ****     uint32_t _reserved0:15;              /*!< bit:  9..23  Reserved */
 253:Drivers/CMSIS/Include/core_cm0.h ****     uint32_t T:1;                        /*!< bit:     24  Thumb bit        (read 0) */
 254:Drivers/CMSIS/Include/core_cm0.h ****     uint32_t _reserved1:3;               /*!< bit: 25..27  Reserved */
 255:Drivers/CMSIS/Include/core_cm0.h ****     uint32_t V:1;                        /*!< bit:     28  Overflow condition code flag */
 256:Drivers/CMSIS/Include/core_cm0.h ****     uint32_t C:1;                        /*!< bit:     29  Carry condition code flag */
 257:Drivers/CMSIS/Include/core_cm0.h ****     uint32_t Z:1;                        /*!< bit:     30  Zero condition code flag */
 258:Drivers/CMSIS/Include/core_cm0.h ****     uint32_t N:1;                        /*!< bit:     31  Negative condition code flag */
 259:Drivers/CMSIS/Include/core_cm0.h ****   } b;                                   /*!< Structure used for bit  access */
 260:Drivers/CMSIS/Include/core_cm0.h ****   uint32_t w;                            /*!< Type      used for word access */
 261:Drivers/CMSIS/Include/core_cm0.h **** } xPSR_Type;
 262:Drivers/CMSIS/Include/core_cm0.h **** 
 263:Drivers/CMSIS/Include/core_cm0.h **** /* xPSR Register Definitions */
 264:Drivers/CMSIS/Include/core_cm0.h **** #define xPSR_N_Pos                         31U                                            /*!< xPSR
 265:Drivers/CMSIS/Include/core_cm0.h **** #define xPSR_N_Msk                         (1UL << xPSR_N_Pos)                            /*!< xPSR
 266:Drivers/CMSIS/Include/core_cm0.h **** 
 267:Drivers/CMSIS/Include/core_cm0.h **** #define xPSR_Z_Pos                         30U                                            /*!< xPSR
 268:Drivers/CMSIS/Include/core_cm0.h **** #define xPSR_Z_Msk                         (1UL << xPSR_Z_Pos)                            /*!< xPSR
 269:Drivers/CMSIS/Include/core_cm0.h **** 
 270:Drivers/CMSIS/Include/core_cm0.h **** #define xPSR_C_Pos                         29U                                            /*!< xPSR
ARM GAS  /var/folders/5r/xb8hq6p128d37tsfvtb6dnd00000gn/T//ccFo8uwE.s 			page 16


 271:Drivers/CMSIS/Include/core_cm0.h **** #define xPSR_C_Msk                         (1UL << xPSR_C_Pos)                            /*!< xPSR
 272:Drivers/CMSIS/Include/core_cm0.h **** 
 273:Drivers/CMSIS/Include/core_cm0.h **** #define xPSR_V_Pos                         28U                                            /*!< xPSR
 274:Drivers/CMSIS/Include/core_cm0.h **** #define xPSR_V_Msk                         (1UL << xPSR_V_Pos)                            /*!< xPSR
 275:Drivers/CMSIS/Include/core_cm0.h **** 
 276:Drivers/CMSIS/Include/core_cm0.h **** #define xPSR_T_Pos                         24U                                            /*!< xPSR
 277:Drivers/CMSIS/Include/core_cm0.h **** #define xPSR_T_Msk                         (1UL << xPSR_T_Pos)                            /*!< xPSR
 278:Drivers/CMSIS/Include/core_cm0.h **** 
 279:Drivers/CMSIS/Include/core_cm0.h **** #define xPSR_ISR_Pos                        0U                                            /*!< xPSR
 280:Drivers/CMSIS/Include/core_cm0.h **** #define xPSR_ISR_Msk                       (0x1FFUL /*<< xPSR_ISR_Pos*/)                  /*!< xPSR
 281:Drivers/CMSIS/Include/core_cm0.h **** 
 282:Drivers/CMSIS/Include/core_cm0.h **** 
 283:Drivers/CMSIS/Include/core_cm0.h **** /**
 284:Drivers/CMSIS/Include/core_cm0.h ****   \brief  Union type to access the Control Registers (CONTROL).
 285:Drivers/CMSIS/Include/core_cm0.h ****  */
 286:Drivers/CMSIS/Include/core_cm0.h **** typedef union
 287:Drivers/CMSIS/Include/core_cm0.h **** {
 288:Drivers/CMSIS/Include/core_cm0.h ****   struct
 289:Drivers/CMSIS/Include/core_cm0.h ****   {
 290:Drivers/CMSIS/Include/core_cm0.h ****     uint32_t _reserved0:1;               /*!< bit:      0  Reserved */
 291:Drivers/CMSIS/Include/core_cm0.h ****     uint32_t SPSEL:1;                    /*!< bit:      1  Stack to be used */
 292:Drivers/CMSIS/Include/core_cm0.h ****     uint32_t _reserved1:30;              /*!< bit:  2..31  Reserved */
 293:Drivers/CMSIS/Include/core_cm0.h ****   } b;                                   /*!< Structure used for bit  access */
 294:Drivers/CMSIS/Include/core_cm0.h ****   uint32_t w;                            /*!< Type      used for word access */
 295:Drivers/CMSIS/Include/core_cm0.h **** } CONTROL_Type;
 296:Drivers/CMSIS/Include/core_cm0.h **** 
 297:Drivers/CMSIS/Include/core_cm0.h **** /* CONTROL Register Definitions */
 298:Drivers/CMSIS/Include/core_cm0.h **** #define CONTROL_SPSEL_Pos                   1U                                            /*!< CONT
 299:Drivers/CMSIS/Include/core_cm0.h **** #define CONTROL_SPSEL_Msk                  (1UL << CONTROL_SPSEL_Pos)                     /*!< CONT
 300:Drivers/CMSIS/Include/core_cm0.h **** 
 301:Drivers/CMSIS/Include/core_cm0.h **** /*@} end of group CMSIS_CORE */
 302:Drivers/CMSIS/Include/core_cm0.h **** 
 303:Drivers/CMSIS/Include/core_cm0.h **** 
 304:Drivers/CMSIS/Include/core_cm0.h **** /**
 305:Drivers/CMSIS/Include/core_cm0.h ****   \ingroup    CMSIS_core_register
 306:Drivers/CMSIS/Include/core_cm0.h ****   \defgroup   CMSIS_NVIC  Nested Vectored Interrupt Controller (NVIC)
 307:Drivers/CMSIS/Include/core_cm0.h ****   \brief      Type definitions for the NVIC Registers
 308:Drivers/CMSIS/Include/core_cm0.h ****   @{
 309:Drivers/CMSIS/Include/core_cm0.h ****  */
 310:Drivers/CMSIS/Include/core_cm0.h **** 
 311:Drivers/CMSIS/Include/core_cm0.h **** /**
 312:Drivers/CMSIS/Include/core_cm0.h ****   \brief  Structure type to access the Nested Vectored Interrupt Controller (NVIC).
 313:Drivers/CMSIS/Include/core_cm0.h ****  */
 314:Drivers/CMSIS/Include/core_cm0.h **** typedef struct
 315:Drivers/CMSIS/Include/core_cm0.h **** {
 316:Drivers/CMSIS/Include/core_cm0.h ****   __IOM uint32_t ISER[1U];               /*!< Offset: 0x000 (R/W)  Interrupt Set Enable Register */
 317:Drivers/CMSIS/Include/core_cm0.h ****         uint32_t RESERVED0[31U];
 318:Drivers/CMSIS/Include/core_cm0.h ****   __IOM uint32_t ICER[1U];               /*!< Offset: 0x080 (R/W)  Interrupt Clear Enable Register 
 319:Drivers/CMSIS/Include/core_cm0.h ****         uint32_t RSERVED1[31U];
 320:Drivers/CMSIS/Include/core_cm0.h ****   __IOM uint32_t ISPR[1U];               /*!< Offset: 0x100 (R/W)  Interrupt Set Pending Register *
 321:Drivers/CMSIS/Include/core_cm0.h ****         uint32_t RESERVED2[31U];
 322:Drivers/CMSIS/Include/core_cm0.h ****   __IOM uint32_t ICPR[1U];               /*!< Offset: 0x180 (R/W)  Interrupt Clear Pending Register
 323:Drivers/CMSIS/Include/core_cm0.h ****         uint32_t RESERVED3[31U];
 324:Drivers/CMSIS/Include/core_cm0.h ****         uint32_t RESERVED4[64U];
 325:Drivers/CMSIS/Include/core_cm0.h ****   __IOM uint32_t IP[8U];                 /*!< Offset: 0x300 (R/W)  Interrupt Priority Register */
 326:Drivers/CMSIS/Include/core_cm0.h **** }  NVIC_Type;
 327:Drivers/CMSIS/Include/core_cm0.h **** 
ARM GAS  /var/folders/5r/xb8hq6p128d37tsfvtb6dnd00000gn/T//ccFo8uwE.s 			page 17


 328:Drivers/CMSIS/Include/core_cm0.h **** /*@} end of group CMSIS_NVIC */
 329:Drivers/CMSIS/Include/core_cm0.h **** 
 330:Drivers/CMSIS/Include/core_cm0.h **** 
 331:Drivers/CMSIS/Include/core_cm0.h **** /**
 332:Drivers/CMSIS/Include/core_cm0.h ****   \ingroup  CMSIS_core_register
 333:Drivers/CMSIS/Include/core_cm0.h ****   \defgroup CMSIS_SCB     System Control Block (SCB)
 334:Drivers/CMSIS/Include/core_cm0.h ****   \brief    Type definitions for the System Control Block Registers
 335:Drivers/CMSIS/Include/core_cm0.h ****   @{
 336:Drivers/CMSIS/Include/core_cm0.h ****  */
 337:Drivers/CMSIS/Include/core_cm0.h **** 
 338:Drivers/CMSIS/Include/core_cm0.h **** /**
 339:Drivers/CMSIS/Include/core_cm0.h ****   \brief  Structure type to access the System Control Block (SCB).
 340:Drivers/CMSIS/Include/core_cm0.h ****  */
 341:Drivers/CMSIS/Include/core_cm0.h **** typedef struct
 342:Drivers/CMSIS/Include/core_cm0.h **** {
 343:Drivers/CMSIS/Include/core_cm0.h ****   __IM  uint32_t CPUID;                  /*!< Offset: 0x000 (R/ )  CPUID Base Register */
 344:Drivers/CMSIS/Include/core_cm0.h ****   __IOM uint32_t ICSR;                   /*!< Offset: 0x004 (R/W)  Interrupt Control and State Regi
 345:Drivers/CMSIS/Include/core_cm0.h ****         uint32_t RESERVED0;
 346:Drivers/CMSIS/Include/core_cm0.h ****   __IOM uint32_t AIRCR;                  /*!< Offset: 0x00C (R/W)  Application Interrupt and Reset 
 347:Drivers/CMSIS/Include/core_cm0.h ****   __IOM uint32_t SCR;                    /*!< Offset: 0x010 (R/W)  System Control Register */
 348:Drivers/CMSIS/Include/core_cm0.h ****   __IOM uint32_t CCR;                    /*!< Offset: 0x014 (R/W)  Configuration Control Register *
 349:Drivers/CMSIS/Include/core_cm0.h ****         uint32_t RESERVED1;
 350:Drivers/CMSIS/Include/core_cm0.h ****   __IOM uint32_t SHP[2U];                /*!< Offset: 0x01C (R/W)  System Handlers Priority Registe
 351:Drivers/CMSIS/Include/core_cm0.h ****   __IOM uint32_t SHCSR;                  /*!< Offset: 0x024 (R/W)  System Handler Control and State
 352:Drivers/CMSIS/Include/core_cm0.h **** } SCB_Type;
 353:Drivers/CMSIS/Include/core_cm0.h **** 
 354:Drivers/CMSIS/Include/core_cm0.h **** /* SCB CPUID Register Definitions */
 355:Drivers/CMSIS/Include/core_cm0.h **** #define SCB_CPUID_IMPLEMENTER_Pos          24U                                            /*!< SCB 
 356:Drivers/CMSIS/Include/core_cm0.h **** #define SCB_CPUID_IMPLEMENTER_Msk          (0xFFUL << SCB_CPUID_IMPLEMENTER_Pos)          /*!< SCB 
 357:Drivers/CMSIS/Include/core_cm0.h **** 
 358:Drivers/CMSIS/Include/core_cm0.h **** #define SCB_CPUID_VARIANT_Pos              20U                                            /*!< SCB 
 359:Drivers/CMSIS/Include/core_cm0.h **** #define SCB_CPUID_VARIANT_Msk              (0xFUL << SCB_CPUID_VARIANT_Pos)               /*!< SCB 
 360:Drivers/CMSIS/Include/core_cm0.h **** 
 361:Drivers/CMSIS/Include/core_cm0.h **** #define SCB_CPUID_ARCHITECTURE_Pos         16U                                            /*!< SCB 
 362:Drivers/CMSIS/Include/core_cm0.h **** #define SCB_CPUID_ARCHITECTURE_Msk         (0xFUL << SCB_CPUID_ARCHITECTURE_Pos)          /*!< SCB 
 363:Drivers/CMSIS/Include/core_cm0.h **** 
 364:Drivers/CMSIS/Include/core_cm0.h **** #define SCB_CPUID_PARTNO_Pos                4U                                            /*!< SCB 
 365:Drivers/CMSIS/Include/core_cm0.h **** #define SCB_CPUID_PARTNO_Msk               (0xFFFUL << SCB_CPUID_PARTNO_Pos)              /*!< SCB 
 366:Drivers/CMSIS/Include/core_cm0.h **** 
 367:Drivers/CMSIS/Include/core_cm0.h **** #define SCB_CPUID_REVISION_Pos              0U                                            /*!< SCB 
 368:Drivers/CMSIS/Include/core_cm0.h **** #define SCB_CPUID_REVISION_Msk             (0xFUL /*<< SCB_CPUID_REVISION_Pos*/)          /*!< SCB 
 369:Drivers/CMSIS/Include/core_cm0.h **** 
 370:Drivers/CMSIS/Include/core_cm0.h **** /* SCB Interrupt Control State Register Definitions */
 371:Drivers/CMSIS/Include/core_cm0.h **** #define SCB_ICSR_NMIPENDSET_Pos            31U                                            /*!< SCB 
 372:Drivers/CMSIS/Include/core_cm0.h **** #define SCB_ICSR_NMIPENDSET_Msk            (1UL << SCB_ICSR_NMIPENDSET_Pos)               /*!< SCB 
 373:Drivers/CMSIS/Include/core_cm0.h **** 
 374:Drivers/CMSIS/Include/core_cm0.h **** #define SCB_ICSR_PENDSVSET_Pos             28U                                            /*!< SCB 
 375:Drivers/CMSIS/Include/core_cm0.h **** #define SCB_ICSR_PENDSVSET_Msk             (1UL << SCB_ICSR_PENDSVSET_Pos)                /*!< SCB 
 376:Drivers/CMSIS/Include/core_cm0.h **** 
 377:Drivers/CMSIS/Include/core_cm0.h **** #define SCB_ICSR_PENDSVCLR_Pos             27U                                            /*!< SCB 
 378:Drivers/CMSIS/Include/core_cm0.h **** #define SCB_ICSR_PENDSVCLR_Msk             (1UL << SCB_ICSR_PENDSVCLR_Pos)                /*!< SCB 
 379:Drivers/CMSIS/Include/core_cm0.h **** 
 380:Drivers/CMSIS/Include/core_cm0.h **** #define SCB_ICSR_PENDSTSET_Pos             26U                                            /*!< SCB 
 381:Drivers/CMSIS/Include/core_cm0.h **** #define SCB_ICSR_PENDSTSET_Msk             (1UL << SCB_ICSR_PENDSTSET_Pos)                /*!< SCB 
 382:Drivers/CMSIS/Include/core_cm0.h **** 
 383:Drivers/CMSIS/Include/core_cm0.h **** #define SCB_ICSR_PENDSTCLR_Pos             25U                                            /*!< SCB 
 384:Drivers/CMSIS/Include/core_cm0.h **** #define SCB_ICSR_PENDSTCLR_Msk             (1UL << SCB_ICSR_PENDSTCLR_Pos)                /*!< SCB 
ARM GAS  /var/folders/5r/xb8hq6p128d37tsfvtb6dnd00000gn/T//ccFo8uwE.s 			page 18


 385:Drivers/CMSIS/Include/core_cm0.h **** 
 386:Drivers/CMSIS/Include/core_cm0.h **** #define SCB_ICSR_ISRPREEMPT_Pos            23U                                            /*!< SCB 
 387:Drivers/CMSIS/Include/core_cm0.h **** #define SCB_ICSR_ISRPREEMPT_Msk            (1UL << SCB_ICSR_ISRPREEMPT_Pos)               /*!< SCB 
 388:Drivers/CMSIS/Include/core_cm0.h **** 
 389:Drivers/CMSIS/Include/core_cm0.h **** #define SCB_ICSR_ISRPENDING_Pos            22U                                            /*!< SCB 
 390:Drivers/CMSIS/Include/core_cm0.h **** #define SCB_ICSR_ISRPENDING_Msk            (1UL << SCB_ICSR_ISRPENDING_Pos)               /*!< SCB 
 391:Drivers/CMSIS/Include/core_cm0.h **** 
 392:Drivers/CMSIS/Include/core_cm0.h **** #define SCB_ICSR_VECTPENDING_Pos           12U                                            /*!< SCB 
 393:Drivers/CMSIS/Include/core_cm0.h **** #define SCB_ICSR_VECTPENDING_Msk           (0x1FFUL << SCB_ICSR_VECTPENDING_Pos)          /*!< SCB 
 394:Drivers/CMSIS/Include/core_cm0.h **** 
 395:Drivers/CMSIS/Include/core_cm0.h **** #define SCB_ICSR_VECTACTIVE_Pos             0U                                            /*!< SCB 
 396:Drivers/CMSIS/Include/core_cm0.h **** #define SCB_ICSR_VECTACTIVE_Msk            (0x1FFUL /*<< SCB_ICSR_VECTACTIVE_Pos*/)       /*!< SCB 
 397:Drivers/CMSIS/Include/core_cm0.h **** 
 398:Drivers/CMSIS/Include/core_cm0.h **** /* SCB Application Interrupt and Reset Control Register Definitions */
 399:Drivers/CMSIS/Include/core_cm0.h **** #define SCB_AIRCR_VECTKEY_Pos              16U                                            /*!< SCB 
 400:Drivers/CMSIS/Include/core_cm0.h **** #define SCB_AIRCR_VECTKEY_Msk              (0xFFFFUL << SCB_AIRCR_VECTKEY_Pos)            /*!< SCB 
 401:Drivers/CMSIS/Include/core_cm0.h **** 
 402:Drivers/CMSIS/Include/core_cm0.h **** #define SCB_AIRCR_VECTKEYSTAT_Pos          16U                                            /*!< SCB 
 403:Drivers/CMSIS/Include/core_cm0.h **** #define SCB_AIRCR_VECTKEYSTAT_Msk          (0xFFFFUL << SCB_AIRCR_VECTKEYSTAT_Pos)        /*!< SCB 
 404:Drivers/CMSIS/Include/core_cm0.h **** 
 405:Drivers/CMSIS/Include/core_cm0.h **** #define SCB_AIRCR_ENDIANESS_Pos            15U                                            /*!< SCB 
 406:Drivers/CMSIS/Include/core_cm0.h **** #define SCB_AIRCR_ENDIANESS_Msk            (1UL << SCB_AIRCR_ENDIANESS_Pos)               /*!< SCB 
 407:Drivers/CMSIS/Include/core_cm0.h **** 
 408:Drivers/CMSIS/Include/core_cm0.h **** #define SCB_AIRCR_SYSRESETREQ_Pos           2U                                            /*!< SCB 
 409:Drivers/CMSIS/Include/core_cm0.h **** #define SCB_AIRCR_SYSRESETREQ_Msk          (1UL << SCB_AIRCR_SYSRESETREQ_Pos)             /*!< SCB 
 410:Drivers/CMSIS/Include/core_cm0.h **** 
 411:Drivers/CMSIS/Include/core_cm0.h **** #define SCB_AIRCR_VECTCLRACTIVE_Pos         1U                                            /*!< SCB 
 412:Drivers/CMSIS/Include/core_cm0.h **** #define SCB_AIRCR_VECTCLRACTIVE_Msk        (1UL << SCB_AIRCR_VECTCLRACTIVE_Pos)           /*!< SCB 
 413:Drivers/CMSIS/Include/core_cm0.h **** 
 414:Drivers/CMSIS/Include/core_cm0.h **** /* SCB System Control Register Definitions */
 415:Drivers/CMSIS/Include/core_cm0.h **** #define SCB_SCR_SEVONPEND_Pos               4U                                            /*!< SCB 
 416:Drivers/CMSIS/Include/core_cm0.h **** #define SCB_SCR_SEVONPEND_Msk              (1UL << SCB_SCR_SEVONPEND_Pos)                 /*!< SCB 
 417:Drivers/CMSIS/Include/core_cm0.h **** 
 418:Drivers/CMSIS/Include/core_cm0.h **** #define SCB_SCR_SLEEPDEEP_Pos               2U                                            /*!< SCB 
 419:Drivers/CMSIS/Include/core_cm0.h **** #define SCB_SCR_SLEEPDEEP_Msk              (1UL << SCB_SCR_SLEEPDEEP_Pos)                 /*!< SCB 
 420:Drivers/CMSIS/Include/core_cm0.h **** 
 421:Drivers/CMSIS/Include/core_cm0.h **** #define SCB_SCR_SLEEPONEXIT_Pos             1U                                            /*!< SCB 
 422:Drivers/CMSIS/Include/core_cm0.h **** #define SCB_SCR_SLEEPONEXIT_Msk            (1UL << SCB_SCR_SLEEPONEXIT_Pos)               /*!< SCB 
 423:Drivers/CMSIS/Include/core_cm0.h **** 
 424:Drivers/CMSIS/Include/core_cm0.h **** /* SCB Configuration Control Register Definitions */
 425:Drivers/CMSIS/Include/core_cm0.h **** #define SCB_CCR_STKALIGN_Pos                9U                                            /*!< SCB 
 426:Drivers/CMSIS/Include/core_cm0.h **** #define SCB_CCR_STKALIGN_Msk               (1UL << SCB_CCR_STKALIGN_Pos)                  /*!< SCB 
 427:Drivers/CMSIS/Include/core_cm0.h **** 
 428:Drivers/CMSIS/Include/core_cm0.h **** #define SCB_CCR_UNALIGN_TRP_Pos             3U                                            /*!< SCB 
 429:Drivers/CMSIS/Include/core_cm0.h **** #define SCB_CCR_UNALIGN_TRP_Msk            (1UL << SCB_CCR_UNALIGN_TRP_Pos)               /*!< SCB 
 430:Drivers/CMSIS/Include/core_cm0.h **** 
 431:Drivers/CMSIS/Include/core_cm0.h **** /* SCB System Handler Control and State Register Definitions */
 432:Drivers/CMSIS/Include/core_cm0.h **** #define SCB_SHCSR_SVCALLPENDED_Pos         15U                                            /*!< SCB 
 433:Drivers/CMSIS/Include/core_cm0.h **** #define SCB_SHCSR_SVCALLPENDED_Msk         (1UL << SCB_SHCSR_SVCALLPENDED_Pos)            /*!< SCB 
 434:Drivers/CMSIS/Include/core_cm0.h **** 
 435:Drivers/CMSIS/Include/core_cm0.h **** /*@} end of group CMSIS_SCB */
 436:Drivers/CMSIS/Include/core_cm0.h **** 
 437:Drivers/CMSIS/Include/core_cm0.h **** 
 438:Drivers/CMSIS/Include/core_cm0.h **** /**
 439:Drivers/CMSIS/Include/core_cm0.h ****   \ingroup  CMSIS_core_register
 440:Drivers/CMSIS/Include/core_cm0.h ****   \defgroup CMSIS_SysTick     System Tick Timer (SysTick)
 441:Drivers/CMSIS/Include/core_cm0.h ****   \brief    Type definitions for the System Timer Registers.
ARM GAS  /var/folders/5r/xb8hq6p128d37tsfvtb6dnd00000gn/T//ccFo8uwE.s 			page 19


 442:Drivers/CMSIS/Include/core_cm0.h ****   @{
 443:Drivers/CMSIS/Include/core_cm0.h ****  */
 444:Drivers/CMSIS/Include/core_cm0.h **** 
 445:Drivers/CMSIS/Include/core_cm0.h **** /**
 446:Drivers/CMSIS/Include/core_cm0.h ****   \brief  Structure type to access the System Timer (SysTick).
 447:Drivers/CMSIS/Include/core_cm0.h ****  */
 448:Drivers/CMSIS/Include/core_cm0.h **** typedef struct
 449:Drivers/CMSIS/Include/core_cm0.h **** {
 450:Drivers/CMSIS/Include/core_cm0.h ****   __IOM uint32_t CTRL;                   /*!< Offset: 0x000 (R/W)  SysTick Control and Status Regis
 451:Drivers/CMSIS/Include/core_cm0.h ****   __IOM uint32_t LOAD;                   /*!< Offset: 0x004 (R/W)  SysTick Reload Value Register */
 452:Drivers/CMSIS/Include/core_cm0.h ****   __IOM uint32_t VAL;                    /*!< Offset: 0x008 (R/W)  SysTick Current Value Register *
 453:Drivers/CMSIS/Include/core_cm0.h ****   __IM  uint32_t CALIB;                  /*!< Offset: 0x00C (R/ )  SysTick Calibration Register */
 454:Drivers/CMSIS/Include/core_cm0.h **** } SysTick_Type;
 455:Drivers/CMSIS/Include/core_cm0.h **** 
 456:Drivers/CMSIS/Include/core_cm0.h **** /* SysTick Control / Status Register Definitions */
 457:Drivers/CMSIS/Include/core_cm0.h **** #define SysTick_CTRL_COUNTFLAG_Pos         16U                                            /*!< SysT
 458:Drivers/CMSIS/Include/core_cm0.h **** #define SysTick_CTRL_COUNTFLAG_Msk         (1UL << SysTick_CTRL_COUNTFLAG_Pos)            /*!< SysT
 459:Drivers/CMSIS/Include/core_cm0.h **** 
 460:Drivers/CMSIS/Include/core_cm0.h **** #define SysTick_CTRL_CLKSOURCE_Pos          2U                                            /*!< SysT
 461:Drivers/CMSIS/Include/core_cm0.h **** #define SysTick_CTRL_CLKSOURCE_Msk         (1UL << SysTick_CTRL_CLKSOURCE_Pos)            /*!< SysT
 462:Drivers/CMSIS/Include/core_cm0.h **** 
 463:Drivers/CMSIS/Include/core_cm0.h **** #define SysTick_CTRL_TICKINT_Pos            1U                                            /*!< SysT
 464:Drivers/CMSIS/Include/core_cm0.h **** #define SysTick_CTRL_TICKINT_Msk           (1UL << SysTick_CTRL_TICKINT_Pos)              /*!< SysT
 465:Drivers/CMSIS/Include/core_cm0.h **** 
 466:Drivers/CMSIS/Include/core_cm0.h **** #define SysTick_CTRL_ENABLE_Pos             0U                                            /*!< SysT
 467:Drivers/CMSIS/Include/core_cm0.h **** #define SysTick_CTRL_ENABLE_Msk            (1UL /*<< SysTick_CTRL_ENABLE_Pos*/)           /*!< SysT
 468:Drivers/CMSIS/Include/core_cm0.h **** 
 469:Drivers/CMSIS/Include/core_cm0.h **** /* SysTick Reload Register Definitions */
 470:Drivers/CMSIS/Include/core_cm0.h **** #define SysTick_LOAD_RELOAD_Pos             0U                                            /*!< SysT
 471:Drivers/CMSIS/Include/core_cm0.h **** #define SysTick_LOAD_RELOAD_Msk            (0xFFFFFFUL /*<< SysTick_LOAD_RELOAD_Pos*/)    /*!< SysT
 472:Drivers/CMSIS/Include/core_cm0.h **** 
 473:Drivers/CMSIS/Include/core_cm0.h **** /* SysTick Current Register Definitions */
 474:Drivers/CMSIS/Include/core_cm0.h **** #define SysTick_VAL_CURRENT_Pos             0U                                            /*!< SysT
 475:Drivers/CMSIS/Include/core_cm0.h **** #define SysTick_VAL_CURRENT_Msk            (0xFFFFFFUL /*<< SysTick_VAL_CURRENT_Pos*/)    /*!< SysT
 476:Drivers/CMSIS/Include/core_cm0.h **** 
 477:Drivers/CMSIS/Include/core_cm0.h **** /* SysTick Calibration Register Definitions */
 478:Drivers/CMSIS/Include/core_cm0.h **** #define SysTick_CALIB_NOREF_Pos            31U                                            /*!< SysT
 479:Drivers/CMSIS/Include/core_cm0.h **** #define SysTick_CALIB_NOREF_Msk            (1UL << SysTick_CALIB_NOREF_Pos)               /*!< SysT
 480:Drivers/CMSIS/Include/core_cm0.h **** 
 481:Drivers/CMSIS/Include/core_cm0.h **** #define SysTick_CALIB_SKEW_Pos             30U                                            /*!< SysT
 482:Drivers/CMSIS/Include/core_cm0.h **** #define SysTick_CALIB_SKEW_Msk             (1UL << SysTick_CALIB_SKEW_Pos)                /*!< SysT
 483:Drivers/CMSIS/Include/core_cm0.h **** 
 484:Drivers/CMSIS/Include/core_cm0.h **** #define SysTick_CALIB_TENMS_Pos             0U                                            /*!< SysT
 485:Drivers/CMSIS/Include/core_cm0.h **** #define SysTick_CALIB_TENMS_Msk            (0xFFFFFFUL /*<< SysTick_CALIB_TENMS_Pos*/)    /*!< SysT
 486:Drivers/CMSIS/Include/core_cm0.h **** 
 487:Drivers/CMSIS/Include/core_cm0.h **** /*@} end of group CMSIS_SysTick */
 488:Drivers/CMSIS/Include/core_cm0.h **** 
 489:Drivers/CMSIS/Include/core_cm0.h **** 
 490:Drivers/CMSIS/Include/core_cm0.h **** /**
 491:Drivers/CMSIS/Include/core_cm0.h ****   \ingroup  CMSIS_core_register
 492:Drivers/CMSIS/Include/core_cm0.h ****   \defgroup CMSIS_CoreDebug       Core Debug Registers (CoreDebug)
 493:Drivers/CMSIS/Include/core_cm0.h ****   \brief    Cortex-M0 Core Debug Registers (DCB registers, SHCSR, and DFSR) are only accessible ove
 494:Drivers/CMSIS/Include/core_cm0.h ****             Therefore they are not covered by the Cortex-M0 header file.
 495:Drivers/CMSIS/Include/core_cm0.h ****   @{
 496:Drivers/CMSIS/Include/core_cm0.h ****  */
 497:Drivers/CMSIS/Include/core_cm0.h **** /*@} end of group CMSIS_CoreDebug */
 498:Drivers/CMSIS/Include/core_cm0.h **** 
ARM GAS  /var/folders/5r/xb8hq6p128d37tsfvtb6dnd00000gn/T//ccFo8uwE.s 			page 20


 499:Drivers/CMSIS/Include/core_cm0.h **** 
 500:Drivers/CMSIS/Include/core_cm0.h **** /**
 501:Drivers/CMSIS/Include/core_cm0.h ****   \ingroup    CMSIS_core_register
 502:Drivers/CMSIS/Include/core_cm0.h ****   \defgroup   CMSIS_core_bitfield     Core register bit field macros
 503:Drivers/CMSIS/Include/core_cm0.h ****   \brief      Macros for use with bit field definitions (xxx_Pos, xxx_Msk).
 504:Drivers/CMSIS/Include/core_cm0.h ****   @{
 505:Drivers/CMSIS/Include/core_cm0.h ****  */
 506:Drivers/CMSIS/Include/core_cm0.h **** 
 507:Drivers/CMSIS/Include/core_cm0.h **** /**
 508:Drivers/CMSIS/Include/core_cm0.h ****   \brief   Mask and shift a bit field value for use in a register bit range.
 509:Drivers/CMSIS/Include/core_cm0.h ****   \param[in] field  Name of the register bit field.
 510:Drivers/CMSIS/Include/core_cm0.h ****   \param[in] value  Value of the bit field. This parameter is interpreted as an uint32_t type.
 511:Drivers/CMSIS/Include/core_cm0.h ****   \return           Masked and shifted value.
 512:Drivers/CMSIS/Include/core_cm0.h **** */
 513:Drivers/CMSIS/Include/core_cm0.h **** #define _VAL2FLD(field, value)    (((uint32_t)(value) << field ## _Pos) & field ## _Msk)
 514:Drivers/CMSIS/Include/core_cm0.h **** 
 515:Drivers/CMSIS/Include/core_cm0.h **** /**
 516:Drivers/CMSIS/Include/core_cm0.h ****   \brief     Mask and shift a register value to extract a bit filed value.
 517:Drivers/CMSIS/Include/core_cm0.h ****   \param[in] field  Name of the register bit field.
 518:Drivers/CMSIS/Include/core_cm0.h ****   \param[in] value  Value of register. This parameter is interpreted as an uint32_t type.
 519:Drivers/CMSIS/Include/core_cm0.h ****   \return           Masked and shifted bit field value.
 520:Drivers/CMSIS/Include/core_cm0.h **** */
 521:Drivers/CMSIS/Include/core_cm0.h **** #define _FLD2VAL(field, value)    (((uint32_t)(value) & field ## _Msk) >> field ## _Pos)
 522:Drivers/CMSIS/Include/core_cm0.h **** 
 523:Drivers/CMSIS/Include/core_cm0.h **** /*@} end of group CMSIS_core_bitfield */
 524:Drivers/CMSIS/Include/core_cm0.h **** 
 525:Drivers/CMSIS/Include/core_cm0.h **** 
 526:Drivers/CMSIS/Include/core_cm0.h **** /**
 527:Drivers/CMSIS/Include/core_cm0.h ****   \ingroup    CMSIS_core_register
 528:Drivers/CMSIS/Include/core_cm0.h ****   \defgroup   CMSIS_core_base     Core Definitions
 529:Drivers/CMSIS/Include/core_cm0.h ****   \brief      Definitions for base addresses, unions, and structures.
 530:Drivers/CMSIS/Include/core_cm0.h ****   @{
 531:Drivers/CMSIS/Include/core_cm0.h ****  */
 532:Drivers/CMSIS/Include/core_cm0.h **** 
 533:Drivers/CMSIS/Include/core_cm0.h **** /* Memory mapping of Core Hardware */
 534:Drivers/CMSIS/Include/core_cm0.h **** #define SCS_BASE            (0xE000E000UL)                            /*!< System Control Space Bas
 535:Drivers/CMSIS/Include/core_cm0.h **** #define SysTick_BASE        (SCS_BASE +  0x0010UL)                    /*!< SysTick Base Address */
 536:Drivers/CMSIS/Include/core_cm0.h **** #define NVIC_BASE           (SCS_BASE +  0x0100UL)                    /*!< NVIC Base Address */
 537:Drivers/CMSIS/Include/core_cm0.h **** #define SCB_BASE            (SCS_BASE +  0x0D00UL)                    /*!< System Control Block Bas
 538:Drivers/CMSIS/Include/core_cm0.h **** 
 539:Drivers/CMSIS/Include/core_cm0.h **** #define SCB                 ((SCB_Type       *)     SCB_BASE      )   /*!< SCB configuration struct
 540:Drivers/CMSIS/Include/core_cm0.h **** #define SysTick             ((SysTick_Type   *)     SysTick_BASE  )   /*!< SysTick configuration st
 541:Drivers/CMSIS/Include/core_cm0.h **** #define NVIC                ((NVIC_Type      *)     NVIC_BASE     )   /*!< NVIC configuration struc
 542:Drivers/CMSIS/Include/core_cm0.h **** 
 543:Drivers/CMSIS/Include/core_cm0.h **** 
 544:Drivers/CMSIS/Include/core_cm0.h **** /*@} */
 545:Drivers/CMSIS/Include/core_cm0.h **** 
 546:Drivers/CMSIS/Include/core_cm0.h **** 
 547:Drivers/CMSIS/Include/core_cm0.h **** 
 548:Drivers/CMSIS/Include/core_cm0.h **** /*******************************************************************************
 549:Drivers/CMSIS/Include/core_cm0.h ****  *                Hardware Abstraction Layer
 550:Drivers/CMSIS/Include/core_cm0.h ****   Core Function Interface contains:
 551:Drivers/CMSIS/Include/core_cm0.h ****   - Core NVIC Functions
 552:Drivers/CMSIS/Include/core_cm0.h ****   - Core SysTick Functions
 553:Drivers/CMSIS/Include/core_cm0.h ****   - Core Register Access Functions
 554:Drivers/CMSIS/Include/core_cm0.h ****  ******************************************************************************/
 555:Drivers/CMSIS/Include/core_cm0.h **** /**
ARM GAS  /var/folders/5r/xb8hq6p128d37tsfvtb6dnd00000gn/T//ccFo8uwE.s 			page 21


 556:Drivers/CMSIS/Include/core_cm0.h ****   \defgroup CMSIS_Core_FunctionInterface Functions and Instructions Reference
 557:Drivers/CMSIS/Include/core_cm0.h **** */
 558:Drivers/CMSIS/Include/core_cm0.h **** 
 559:Drivers/CMSIS/Include/core_cm0.h **** 
 560:Drivers/CMSIS/Include/core_cm0.h **** 
 561:Drivers/CMSIS/Include/core_cm0.h **** /* ##########################   NVIC functions  #################################### */
 562:Drivers/CMSIS/Include/core_cm0.h **** /**
 563:Drivers/CMSIS/Include/core_cm0.h ****   \ingroup  CMSIS_Core_FunctionInterface
 564:Drivers/CMSIS/Include/core_cm0.h ****   \defgroup CMSIS_Core_NVICFunctions NVIC Functions
 565:Drivers/CMSIS/Include/core_cm0.h ****   \brief    Functions that manage interrupts and exceptions via the NVIC.
 566:Drivers/CMSIS/Include/core_cm0.h ****   @{
 567:Drivers/CMSIS/Include/core_cm0.h ****  */
 568:Drivers/CMSIS/Include/core_cm0.h **** 
 569:Drivers/CMSIS/Include/core_cm0.h **** #ifdef CMSIS_NVIC_VIRTUAL
 570:Drivers/CMSIS/Include/core_cm0.h ****   #ifndef CMSIS_NVIC_VIRTUAL_HEADER_FILE
 571:Drivers/CMSIS/Include/core_cm0.h ****     #define CMSIS_NVIC_VIRTUAL_HEADER_FILE "cmsis_nvic_virtual.h"
 572:Drivers/CMSIS/Include/core_cm0.h ****   #endif
 573:Drivers/CMSIS/Include/core_cm0.h ****   #include CMSIS_NVIC_VIRTUAL_HEADER_FILE
 574:Drivers/CMSIS/Include/core_cm0.h **** #else
 575:Drivers/CMSIS/Include/core_cm0.h ****   #define NVIC_SetPriorityGrouping    __NVIC_SetPriorityGrouping
 576:Drivers/CMSIS/Include/core_cm0.h ****   #define NVIC_GetPriorityGrouping    __NVIC_GetPriorityGrouping
 577:Drivers/CMSIS/Include/core_cm0.h ****   #define NVIC_EnableIRQ              __NVIC_EnableIRQ
 578:Drivers/CMSIS/Include/core_cm0.h ****   #define NVIC_GetEnableIRQ           __NVIC_GetEnableIRQ
 579:Drivers/CMSIS/Include/core_cm0.h ****   #define NVIC_DisableIRQ             __NVIC_DisableIRQ
 580:Drivers/CMSIS/Include/core_cm0.h ****   #define NVIC_GetPendingIRQ          __NVIC_GetPendingIRQ
 581:Drivers/CMSIS/Include/core_cm0.h ****   #define NVIC_SetPendingIRQ          __NVIC_SetPendingIRQ
 582:Drivers/CMSIS/Include/core_cm0.h ****   #define NVIC_ClearPendingIRQ        __NVIC_ClearPendingIRQ
 583:Drivers/CMSIS/Include/core_cm0.h **** /*#define NVIC_GetActive              __NVIC_GetActive             not available for Cortex-M0 */
 584:Drivers/CMSIS/Include/core_cm0.h ****   #define NVIC_SetPriority            __NVIC_SetPriority
 585:Drivers/CMSIS/Include/core_cm0.h ****   #define NVIC_GetPriority            __NVIC_GetPriority
 586:Drivers/CMSIS/Include/core_cm0.h ****   #define NVIC_SystemReset            __NVIC_SystemReset
 587:Drivers/CMSIS/Include/core_cm0.h **** #endif /* CMSIS_NVIC_VIRTUAL */
 588:Drivers/CMSIS/Include/core_cm0.h **** 
 589:Drivers/CMSIS/Include/core_cm0.h **** #ifdef CMSIS_VECTAB_VIRTUAL
 590:Drivers/CMSIS/Include/core_cm0.h ****   #ifndef CMSIS_VECTAB_VIRTUAL_HEADER_FILE
 591:Drivers/CMSIS/Include/core_cm0.h ****     #define CMSIS_VECTAB_VIRTUAL_HEADER_FILE "cmsis_vectab_virtual.h"
 592:Drivers/CMSIS/Include/core_cm0.h ****   #endif
 593:Drivers/CMSIS/Include/core_cm0.h ****   #include CMSIS_VECTAB_VIRTUAL_HEADER_FILE
 594:Drivers/CMSIS/Include/core_cm0.h **** #else
 595:Drivers/CMSIS/Include/core_cm0.h ****   #define NVIC_SetVector              __NVIC_SetVector
 596:Drivers/CMSIS/Include/core_cm0.h ****   #define NVIC_GetVector              __NVIC_GetVector
 597:Drivers/CMSIS/Include/core_cm0.h **** #endif  /* (CMSIS_VECTAB_VIRTUAL) */
 598:Drivers/CMSIS/Include/core_cm0.h **** 
 599:Drivers/CMSIS/Include/core_cm0.h **** #define NVIC_USER_IRQ_OFFSET          16
 600:Drivers/CMSIS/Include/core_cm0.h **** 
 601:Drivers/CMSIS/Include/core_cm0.h **** 
 602:Drivers/CMSIS/Include/core_cm0.h **** /* The following EXC_RETURN values are saved the LR on exception entry */
 603:Drivers/CMSIS/Include/core_cm0.h **** #define EXC_RETURN_HANDLER         (0xFFFFFFF1UL)     /* return to Handler mode, uses MSP after ret
 604:Drivers/CMSIS/Include/core_cm0.h **** #define EXC_RETURN_THREAD_MSP      (0xFFFFFFF9UL)     /* return to Thread mode, uses MSP after retu
 605:Drivers/CMSIS/Include/core_cm0.h **** #define EXC_RETURN_THREAD_PSP      (0xFFFFFFFDUL)     /* return to Thread mode, uses PSP after retu
 606:Drivers/CMSIS/Include/core_cm0.h **** 
 607:Drivers/CMSIS/Include/core_cm0.h **** 
 608:Drivers/CMSIS/Include/core_cm0.h **** /* Interrupt Priorities are WORD accessible only under Armv6-M                  */
 609:Drivers/CMSIS/Include/core_cm0.h **** /* The following MACROS handle generation of the register offset and byte masks */
 610:Drivers/CMSIS/Include/core_cm0.h **** #define _BIT_SHIFT(IRQn)         (  ((((uint32_t)(int32_t)(IRQn))         )      &  0x03UL) * 8UL)
 611:Drivers/CMSIS/Include/core_cm0.h **** #define _SHP_IDX(IRQn)           ( (((((uint32_t)(int32_t)(IRQn)) & 0x0FUL)-8UL) >>    2UL)      )
 612:Drivers/CMSIS/Include/core_cm0.h **** #define _IP_IDX(IRQn)            (   (((uint32_t)(int32_t)(IRQn))                >>    2UL)      )
ARM GAS  /var/folders/5r/xb8hq6p128d37tsfvtb6dnd00000gn/T//ccFo8uwE.s 			page 22


 613:Drivers/CMSIS/Include/core_cm0.h **** 
 614:Drivers/CMSIS/Include/core_cm0.h **** #define __NVIC_SetPriorityGrouping(X) (void)(X)
 615:Drivers/CMSIS/Include/core_cm0.h **** #define __NVIC_GetPriorityGrouping()  (0U)
 616:Drivers/CMSIS/Include/core_cm0.h **** 
 617:Drivers/CMSIS/Include/core_cm0.h **** /**
 618:Drivers/CMSIS/Include/core_cm0.h ****   \brief   Enable Interrupt
 619:Drivers/CMSIS/Include/core_cm0.h ****   \details Enables a device specific interrupt in the NVIC interrupt controller.
 620:Drivers/CMSIS/Include/core_cm0.h ****   \param [in]      IRQn  Device specific interrupt number.
 621:Drivers/CMSIS/Include/core_cm0.h ****   \note    IRQn must not be negative.
 622:Drivers/CMSIS/Include/core_cm0.h ****  */
 623:Drivers/CMSIS/Include/core_cm0.h **** __STATIC_INLINE void __NVIC_EnableIRQ(IRQn_Type IRQn)
 335              		.loc 2 623 22 view .LVU79
 336              	.LBB11:
 624:Drivers/CMSIS/Include/core_cm0.h **** {
 625:Drivers/CMSIS/Include/core_cm0.h ****   if ((int32_t)(IRQn) >= 0)
 337              		.loc 2 625 3 view .LVU80
 626:Drivers/CMSIS/Include/core_cm0.h ****   {
 627:Drivers/CMSIS/Include/core_cm0.h ****     NVIC->ISER[0U] = (uint32_t)(1UL << (((uint32_t)IRQn) & 0x1FUL));
 338              		.loc 2 627 5 view .LVU81
 339              		.loc 2 627 20 is_stmt 0 view .LVU82
 340 007c 094A     		ldr	r2, .L15+12
 341 007e 8023     		movs	r3, #128
 342 0080 1B02     		lsls	r3, r3, #8
 343 0082 1360     		str	r3, [r2]
 344              	.LVL19:
 345              		.loc 2 627 20 view .LVU83
 346              	.LBE11:
 347              	.LBE10:
 110:Src/main.c    **** 	
 348              		.loc 1 110 2 is_stmt 1 view .LVU84
 349              	.LBB12:
 350              	.LBI12:
 628:Drivers/CMSIS/Include/core_cm0.h ****   }
 629:Drivers/CMSIS/Include/core_cm0.h **** }
 630:Drivers/CMSIS/Include/core_cm0.h **** 
 631:Drivers/CMSIS/Include/core_cm0.h **** 
 632:Drivers/CMSIS/Include/core_cm0.h **** /**
 633:Drivers/CMSIS/Include/core_cm0.h ****   \brief   Get Interrupt Enable status
 634:Drivers/CMSIS/Include/core_cm0.h ****   \details Returns a device specific interrupt enable status from the NVIC interrupt controller.
 635:Drivers/CMSIS/Include/core_cm0.h ****   \param [in]      IRQn  Device specific interrupt number.
 636:Drivers/CMSIS/Include/core_cm0.h ****   \return             0  Interrupt is not enabled.
 637:Drivers/CMSIS/Include/core_cm0.h ****   \return             1  Interrupt is enabled.
 638:Drivers/CMSIS/Include/core_cm0.h ****   \note    IRQn must not be negative.
 639:Drivers/CMSIS/Include/core_cm0.h ****  */
 640:Drivers/CMSIS/Include/core_cm0.h **** __STATIC_INLINE uint32_t __NVIC_GetEnableIRQ(IRQn_Type IRQn)
 641:Drivers/CMSIS/Include/core_cm0.h **** {
 642:Drivers/CMSIS/Include/core_cm0.h ****   if ((int32_t)(IRQn) >= 0)
 643:Drivers/CMSIS/Include/core_cm0.h ****   {
 644:Drivers/CMSIS/Include/core_cm0.h ****     return((uint32_t)(((NVIC->ISER[0U] & (1UL << (((uint32_t)IRQn) & 0x1FUL))) != 0UL) ? 1UL : 0UL)
 645:Drivers/CMSIS/Include/core_cm0.h ****   }
 646:Drivers/CMSIS/Include/core_cm0.h ****   else
 647:Drivers/CMSIS/Include/core_cm0.h ****   {
 648:Drivers/CMSIS/Include/core_cm0.h ****     return(0U);
 649:Drivers/CMSIS/Include/core_cm0.h ****   }
 650:Drivers/CMSIS/Include/core_cm0.h **** }
 651:Drivers/CMSIS/Include/core_cm0.h **** 
 652:Drivers/CMSIS/Include/core_cm0.h **** 
ARM GAS  /var/folders/5r/xb8hq6p128d37tsfvtb6dnd00000gn/T//ccFo8uwE.s 			page 23


 653:Drivers/CMSIS/Include/core_cm0.h **** /**
 654:Drivers/CMSIS/Include/core_cm0.h ****   \brief   Disable Interrupt
 655:Drivers/CMSIS/Include/core_cm0.h ****   \details Disables a device specific interrupt in the NVIC interrupt controller.
 656:Drivers/CMSIS/Include/core_cm0.h ****   \param [in]      IRQn  Device specific interrupt number.
 657:Drivers/CMSIS/Include/core_cm0.h ****   \note    IRQn must not be negative.
 658:Drivers/CMSIS/Include/core_cm0.h ****  */
 659:Drivers/CMSIS/Include/core_cm0.h **** __STATIC_INLINE void __NVIC_DisableIRQ(IRQn_Type IRQn)
 660:Drivers/CMSIS/Include/core_cm0.h **** {
 661:Drivers/CMSIS/Include/core_cm0.h ****   if ((int32_t)(IRQn) >= 0)
 662:Drivers/CMSIS/Include/core_cm0.h ****   {
 663:Drivers/CMSIS/Include/core_cm0.h ****     NVIC->ICER[0U] = (uint32_t)(1UL << (((uint32_t)IRQn) & 0x1FUL));
 664:Drivers/CMSIS/Include/core_cm0.h ****     __DSB();
 665:Drivers/CMSIS/Include/core_cm0.h ****     __ISB();
 666:Drivers/CMSIS/Include/core_cm0.h ****   }
 667:Drivers/CMSIS/Include/core_cm0.h **** }
 668:Drivers/CMSIS/Include/core_cm0.h **** 
 669:Drivers/CMSIS/Include/core_cm0.h **** 
 670:Drivers/CMSIS/Include/core_cm0.h **** /**
 671:Drivers/CMSIS/Include/core_cm0.h ****   \brief   Get Pending Interrupt
 672:Drivers/CMSIS/Include/core_cm0.h ****   \details Reads the NVIC pending register and returns the pending bit for the specified device spe
 673:Drivers/CMSIS/Include/core_cm0.h ****   \param [in]      IRQn  Device specific interrupt number.
 674:Drivers/CMSIS/Include/core_cm0.h ****   \return             0  Interrupt status is not pending.
 675:Drivers/CMSIS/Include/core_cm0.h ****   \return             1  Interrupt status is pending.
 676:Drivers/CMSIS/Include/core_cm0.h ****   \note    IRQn must not be negative.
 677:Drivers/CMSIS/Include/core_cm0.h ****  */
 678:Drivers/CMSIS/Include/core_cm0.h **** __STATIC_INLINE uint32_t __NVIC_GetPendingIRQ(IRQn_Type IRQn)
 679:Drivers/CMSIS/Include/core_cm0.h **** {
 680:Drivers/CMSIS/Include/core_cm0.h ****   if ((int32_t)(IRQn) >= 0)
 681:Drivers/CMSIS/Include/core_cm0.h ****   {
 682:Drivers/CMSIS/Include/core_cm0.h ****     return((uint32_t)(((NVIC->ISPR[0U] & (1UL << (((uint32_t)IRQn) & 0x1FUL))) != 0UL) ? 1UL : 0UL)
 683:Drivers/CMSIS/Include/core_cm0.h ****   }
 684:Drivers/CMSIS/Include/core_cm0.h ****   else
 685:Drivers/CMSIS/Include/core_cm0.h ****   {
 686:Drivers/CMSIS/Include/core_cm0.h ****     return(0U);
 687:Drivers/CMSIS/Include/core_cm0.h ****   }
 688:Drivers/CMSIS/Include/core_cm0.h **** }
 689:Drivers/CMSIS/Include/core_cm0.h **** 
 690:Drivers/CMSIS/Include/core_cm0.h **** 
 691:Drivers/CMSIS/Include/core_cm0.h **** /**
 692:Drivers/CMSIS/Include/core_cm0.h ****   \brief   Set Pending Interrupt
 693:Drivers/CMSIS/Include/core_cm0.h ****   \details Sets the pending bit of a device specific interrupt in the NVIC pending register.
 694:Drivers/CMSIS/Include/core_cm0.h ****   \param [in]      IRQn  Device specific interrupt number.
 695:Drivers/CMSIS/Include/core_cm0.h ****   \note    IRQn must not be negative.
 696:Drivers/CMSIS/Include/core_cm0.h ****  */
 697:Drivers/CMSIS/Include/core_cm0.h **** __STATIC_INLINE void __NVIC_SetPendingIRQ(IRQn_Type IRQn)
 698:Drivers/CMSIS/Include/core_cm0.h **** {
 699:Drivers/CMSIS/Include/core_cm0.h ****   if ((int32_t)(IRQn) >= 0)
 700:Drivers/CMSIS/Include/core_cm0.h ****   {
 701:Drivers/CMSIS/Include/core_cm0.h ****     NVIC->ISPR[0U] = (uint32_t)(1UL << (((uint32_t)IRQn) & 0x1FUL));
 702:Drivers/CMSIS/Include/core_cm0.h ****   }
 703:Drivers/CMSIS/Include/core_cm0.h **** }
 704:Drivers/CMSIS/Include/core_cm0.h **** 
 705:Drivers/CMSIS/Include/core_cm0.h **** 
 706:Drivers/CMSIS/Include/core_cm0.h **** /**
 707:Drivers/CMSIS/Include/core_cm0.h ****   \brief   Clear Pending Interrupt
 708:Drivers/CMSIS/Include/core_cm0.h ****   \details Clears the pending bit of a device specific interrupt in the NVIC pending register.
 709:Drivers/CMSIS/Include/core_cm0.h ****   \param [in]      IRQn  Device specific interrupt number.
ARM GAS  /var/folders/5r/xb8hq6p128d37tsfvtb6dnd00000gn/T//ccFo8uwE.s 			page 24


 710:Drivers/CMSIS/Include/core_cm0.h ****   \note    IRQn must not be negative.
 711:Drivers/CMSIS/Include/core_cm0.h ****  */
 712:Drivers/CMSIS/Include/core_cm0.h **** __STATIC_INLINE void __NVIC_ClearPendingIRQ(IRQn_Type IRQn)
 713:Drivers/CMSIS/Include/core_cm0.h **** {
 714:Drivers/CMSIS/Include/core_cm0.h ****   if ((int32_t)(IRQn) >= 0)
 715:Drivers/CMSIS/Include/core_cm0.h ****   {
 716:Drivers/CMSIS/Include/core_cm0.h ****     NVIC->ICPR[0U] = (uint32_t)(1UL << (((uint32_t)IRQn) & 0x1FUL));
 717:Drivers/CMSIS/Include/core_cm0.h ****   }
 718:Drivers/CMSIS/Include/core_cm0.h **** }
 719:Drivers/CMSIS/Include/core_cm0.h **** 
 720:Drivers/CMSIS/Include/core_cm0.h **** 
 721:Drivers/CMSIS/Include/core_cm0.h **** /**
 722:Drivers/CMSIS/Include/core_cm0.h ****   \brief   Set Interrupt Priority
 723:Drivers/CMSIS/Include/core_cm0.h ****   \details Sets the priority of a device specific interrupt or a processor exception.
 724:Drivers/CMSIS/Include/core_cm0.h ****            The interrupt number can be positive to specify a device specific interrupt,
 725:Drivers/CMSIS/Include/core_cm0.h ****            or negative to specify a processor exception.
 726:Drivers/CMSIS/Include/core_cm0.h ****   \param [in]      IRQn  Interrupt number.
 727:Drivers/CMSIS/Include/core_cm0.h ****   \param [in]  priority  Priority to set.
 728:Drivers/CMSIS/Include/core_cm0.h ****   \note    The priority cannot be set for every processor exception.
 729:Drivers/CMSIS/Include/core_cm0.h ****  */
 730:Drivers/CMSIS/Include/core_cm0.h **** __STATIC_INLINE void __NVIC_SetPriority(IRQn_Type IRQn, uint32_t priority)
 351              		.loc 2 730 22 view .LVU85
 352              	.LBB13:
 731:Drivers/CMSIS/Include/core_cm0.h **** {
 732:Drivers/CMSIS/Include/core_cm0.h ****   if ((int32_t)(IRQn) >= 0)
 353              		.loc 2 732 3 view .LVU86
 733:Drivers/CMSIS/Include/core_cm0.h ****   {
 734:Drivers/CMSIS/Include/core_cm0.h ****     NVIC->IP[_IP_IDX(IRQn)]  = ((uint32_t)(NVIC->IP[_IP_IDX(IRQn)]  & ~(0xFFUL << _BIT_SHIFT(IRQn))
 354              		.loc 2 734 5 view .LVU87
 355              		.loc 2 734 52 is_stmt 0 view .LVU88
 356 0084 C320     		movs	r0, #195
 357 0086 8000     		lsls	r0, r0, #2
 358 0088 1358     		ldr	r3, [r2, r0]
 359              		.loc 2 734 33 view .LVU89
 360 008a 1B02     		lsls	r3, r3, #8
 361 008c 1B0A     		lsrs	r3, r3, #8
 362              		.loc 2 734 102 view .LVU90
 363 008e 8021     		movs	r1, #128
 364 0090 0906     		lsls	r1, r1, #24
 365 0092 0B43     		orrs	r3, r1
 366              		.loc 2 734 30 view .LVU91
 367 0094 1350     		str	r3, [r2, r0]
 368              	.LVL20:
 369              	.L14:
 370              		.loc 2 734 30 view .LVU92
 371              	.LBE13:
 372              	.LBE12:
 113:Src/main.c    **** 	}
 373              		.loc 1 113 2 is_stmt 1 view .LVU93
 114:Src/main.c    **** }
 374              		.loc 1 114 2 view .LVU94
 113:Src/main.c    **** 	}
 375              		.loc 1 113 8 view .LVU95
 376 0096 FEE7     		b	.L14
 377              	.L16:
 378              		.align	2
 379              	.L15:
ARM GAS  /var/folders/5r/xb8hq6p128d37tsfvtb6dnd00000gn/T//ccFo8uwE.s 			page 25


 380 0098 00100240 		.word	1073876992
 381 009c 00080048 		.word	1207961600
 382 00a0 3F1F0000 		.word	7999
 383 00a4 00E100E0 		.word	-536813312
 384              		.cfi_endproc
 385              	.LFE40:
 387              		.text
 388              	.Letext0:
 389              		.file 3 "Drivers/CMSIS/Device/ST/STM32F0xx/Include/stm32f072xb.h"
 390              		.file 4 "/Applications/ArmGNUToolchain/13.2.Rel1/arm-none-eabi/arm-none-eabi/include/machine/_defa
 391              		.file 5 "/Applications/ArmGNUToolchain/13.2.Rel1/arm-none-eabi/arm-none-eabi/include/sys/_stdint.h
 392              		.file 6 "Drivers/STM32F0xx_HAL_Driver/Inc/stm32f0xx_hal_def.h"
 393              		.file 7 "Drivers/STM32F0xx_HAL_Driver/Inc/stm32f0xx_hal_rcc.h"
 394              		.file 8 "Drivers/STM32F0xx_HAL_Driver/Inc/stm32f0xx_hal_gpio.h"
 395              		.file 9 "Drivers/STM32F0xx_HAL_Driver/Inc/stm32f0xx_hal_cortex.h"
 396              		.file 10 "Drivers/STM32F0xx_HAL_Driver/Inc/stm32f0xx_hal.h"
 397              		.file 11 "<built-in>"
ARM GAS  /var/folders/5r/xb8hq6p128d37tsfvtb6dnd00000gn/T//ccFo8uwE.s 			page 26


DEFINED SYMBOLS
                            *ABS*:00000000 main.c
/var/folders/5r/xb8hq6p128d37tsfvtb6dnd00000gn/T//ccFo8uwE.s:19     .text.TIM2_IRQHandler:00000000 $t
/var/folders/5r/xb8hq6p128d37tsfvtb6dnd00000gn/T//ccFo8uwE.s:25     .text.TIM2_IRQHandler:00000000 TIM2_IRQHandler
/var/folders/5r/xb8hq6p128d37tsfvtb6dnd00000gn/T//ccFo8uwE.s:64     .text.TIM2_IRQHandler:00000028 $d
/var/folders/5r/xb8hq6p128d37tsfvtb6dnd00000gn/T//ccFo8uwE.s:69     .text._Error_Handler:00000000 $t
/var/folders/5r/xb8hq6p128d37tsfvtb6dnd00000gn/T//ccFo8uwE.s:75     .text._Error_Handler:00000000 _Error_Handler
/var/folders/5r/xb8hq6p128d37tsfvtb6dnd00000gn/T//ccFo8uwE.s:93     .rodata.SystemClock_Config.str1.4:00000000 $d
/var/folders/5r/xb8hq6p128d37tsfvtb6dnd00000gn/T//ccFo8uwE.s:98     .text.SystemClock_Config:00000000 $t
/var/folders/5r/xb8hq6p128d37tsfvtb6dnd00000gn/T//ccFo8uwE.s:104    .text.SystemClock_Config:00000000 SystemClock_Config
/var/folders/5r/xb8hq6p128d37tsfvtb6dnd00000gn/T//ccFo8uwE.s:207    .text.SystemClock_Config:0000006c $d
/var/folders/5r/xb8hq6p128d37tsfvtb6dnd00000gn/T//ccFo8uwE.s:212    .text.main:00000000 $t
/var/folders/5r/xb8hq6p128d37tsfvtb6dnd00000gn/T//ccFo8uwE.s:218    .text.main:00000000 main
/var/folders/5r/xb8hq6p128d37tsfvtb6dnd00000gn/T//ccFo8uwE.s:380    .text.main:00000098 $d

UNDEFINED SYMBOLS
HAL_GPIO_TogglePin
__aeabi_uidiv
HAL_RCC_OscConfig
HAL_RCC_ClockConfig
HAL_RCC_GetHCLKFreq
HAL_SYSTICK_Config
HAL_SYSTICK_CLKSourceConfig
HAL_NVIC_SetPriority
HAL_Init
memset
HAL_GPIO_Init
HAL_GPIO_WritePin
